#
# A fatal error has been detected by the Java Runtime Environment:
#
#  Internal Error (jvmciRuntime.cpp:1609), pid=234, tid=248
#  fatal error: Fatal exception in JVMCI: Error calling jdk.vm.ci.services.Services.serializeSavedProperties
#
# JRE version: OpenJDK Runtime Environment GraalVM CE 22.3.0 (17.0.5+8) (build 17.0.5+8-jvmci-22.3-b08)
# Java VM: OpenJDK 64-Bit Server VM GraalVM CE 22.3.0 (17.0.5+8-jvmci-22.3-b08, mixed mode, sharing, tiered, jvmci, jvmci compiler, compressed oops, compressed class ptrs, parallel gc, linux-amd64)
# Problematic frame:
# V  [libjvm.so+0x972714]  JVMCIRuntime::fatal_exception(JVMCIEnv*, char const*)+0x74
#
# Core dump will be written. Default location: Core dumps may be processed with "/usr/share/apport/apport -p%p -s%s -c%c -d%d -P%P -u%u -g%g -- %E" (or dumping to /home/runner/realCannon/core.234)
#
# If you would like to submit a bug report, please visit:
#   https://github.com/oracle/graal/issues
#

---------------  S U M M A R Y ------------

Command Line: -XX:ThreadPriorityPolicy=1 -XX:+UnlockExperimentalVMOptions -XX:+EnableJVMCIProduct -XX:JVMCIThreadsPerNativeLibraryRuntime=1 -XX:-UnlockExperimentalVMOptions -Declipse.application=org.eclipse.jdt.ls.core.id1 -Dosgi.bundles.defaultStartLevel=4 -Declipse.product=org.eclipse.jdt.ls.core.product -Dlog.level=ALL -Xverify:none -XX:+UseParallelGC -XX:GCTimeRatio=4 -XX:AdaptiveSizePolicyWeight=90 -Dsun.zip.disableMemoryMapping=true -Xmx512m -Xms100m /nix/store/m6gcpi1ii6rghy04cjwjddcavv7i90df-jdt-language-server-1.9.0/share/java/plugins/org.eclipse.equinox.launcher_1.6.400.v20210924-0641.jar --add-modules=ALL-SYSTEM --add-opens java.base/java.util=ALL-UNNAMED --add-opens java.base/java.lang=ALL-UNNAMED -configuration /home/runner/.cache/jdt-language-server/config -data /home/runner/.cache/jdt-language-server/data/home/runner/realCannon

Host: AMD EPYC 7B12, 8 cores, 1G, Ubuntu 20.04.2 LTS
Time: Thu Apr 27 17:32:57 2023 UTC elapsed time: 730.569742 seconds (0d 0h 12m 10s)

---------------  T H R E A D  ---------------

Current thread (0x00007f51dc0b21d0):  JavaThread "JVMCI-native CompilerThread0" daemon [_thread_in_vm, id=248, stack(0x00007f51c32b3000,0x00007f51c34b3000)]


Current CompileTask:
JVMCI-native: 730570 8072       4       java.util.Collections$UnmodifiableCollection$1::hasNext (10 bytes)

Stack: [0x00007f51c32b3000,0x00007f51c34b3000],  sp=0x00007f51c34b1380,  free space=2040k
Native frames: (J=compiled Java code, j=interpreted, Vv=VM code, C=native code)
V  [libjvm.so+0x972714]  JVMCIRuntime::fatal_exception(JVMCIEnv*, char const*)+0x74
V  [libjvm.so+0x93e2fe]  JVMCIEnv::copy_saved_properties()+0x14e
V  [libjvm.so+0x9732a9]  JVMCIRuntime::initialize(JVMCIEnv*)+0xb19
V  [libjvm.so+0x9738a2]  JVMCIRuntime::get_HotSpotJVMCIRuntime(JVMCIEnv*)+0x12
V  [libjvm.so+0x9749f2]  JVMCIRuntime::compile_method(JVMCIEnv*, JVMCICompiler*, methodHandle const&, int)+0xd2
V  [libjvm.so+0x5b0d20]  CompileBroker::invoke_compiler_on_method(CompileTask*)+0x1470
V  [libjvm.so+0x5b12e8]  CompileBroker::compiler_thread_loop()+0x528
V  [libjvm.so+0xd82460]  JavaThread::thread_main_inner()+0xd0
V  [libjvm.so+0xd85a40]  Thread::call_run()+0xc0
V  [libjvm.so+0xbdb1e1]  thread_native_entry(Thread*)+0xe1

Register to memory mapping:

RAX=0x00007f51e30a3000 points into unknown readable memory: 0x0000000000000058 | 58 00 00 00 00 00 00 00
RBX=0x00007f51e419e398: <offset 0x0000000000ef5398> in /nix/store/gpxl5qgg8kicmcvivwmybwjlpf7wh20l-graalvm17-ce-22.3.0/lib/server/libjvm.so at 0x00007f51e32a9000
RCX=0x00007f51e41561e8: <offset 0x0000000000ead1e8> in /nix/store/gpxl5qgg8kicmcvivwmybwjlpf7wh20l-graalvm17-ce-22.3.0/lib/server/libjvm.so at 0x00007f51e32a9000
RDX=0x0000000000000649 is an unknown value
RSP=0x00007f51c34b1380 is pointing into the stack for thread: 0x00007f51dc0b21d0
RBP=0x00007f51c34b13a0 is pointing into the stack for thread: 0x00007f51dc0b21d0
RSI=0x00007f51e419ec48: <offset 0x0000000000ef5c48> in /nix/store/gpxl5qgg8kicmcvivwmybwjlpf7wh20l-graalvm17-ce-22.3.0/lib/server/libjvm.so at 0x00007f51e32a9000
RDI=0x00000000e0000000 is an oop: java.lang.String 
{0x00000000e0000000} - klass: 'java/lang/String'
 - string: "qHvzGsP5VWEgai82jSNMO0fWiNIFATDQzDT8NsrNdSQ="
R8 =0x00007f51e419e398: <offset 0x0000000000ef5398> in /nix/store/gpxl5qgg8kicmcvivwmybwjlpf7wh20l-graalvm17-ce-22.3.0/lib/server/libjvm.so at 0x00007f51e32a9000
R9 =0x0000000000000003 is an unknown value
R10=0x00007f51e44efda0: <offset 0x0000000001246da0> in /nix/store/gpxl5qgg8kicmcvivwmybwjlpf7wh20l-graalvm17-ce-22.3.0/lib/server/libjvm.so at 0x00007f51e32a9000
R11=0x000000080044f048 is pointing into metadata
R12=0x0 is NULL
R13=0x00007f51dc0b21d0 is a thread
R14=0x00007f51dc000b80 points into unknown readable memory: 0x00007f51e43cfa38 | 38 fa 3c e4 51 7f 00 00
R15=0x00007f51e44dde40: <offset 0x0000000001234e40> in /nix/store/gpxl5qgg8kicmcvivwmybwjlpf7wh20l-graalvm17-ce-22.3.0/lib/server/libjvm.so at 0x00007f51e32a9000


Registers:
RAX=0x00007f51e30a3000, RBX=0x00007f51e419e398, RCX=0x00007f51e41561e8, RDX=0x0000000000000649
RSP=0x00007f51c34b1380, RBP=0x00007f51c34b13a0, RSI=0x00007f51e419ec48, RDI=0x00000000e0000000
R8 =0x00007f51e419e398, R9 =0x0000000000000003, R10=0x00007f51e44efda0, R11=0x000000080044f048
R12=0x0000000000000000, R13=0x00007f51dc0b21d0, R14=0x00007f51dc000b80, R15=0x00007f51e44dde40
RIP=0x00007f51e3c1b714, EFLAGS=0x0000000000010206, CSGSFS=0x002b000000000033, ERR=0x0000000000000006
  TRAPNO=0x000000000000000e

Top of Stack: (sp=0x00007f51c34b1380)
0x00007f51c34b1380:   00007f51c34b1940 00007f51dc0b21d0
0x00007f51c34b1390:   00007f51e1a348c8 0000000800c415a8
0x00007f51c34b13a0:   00007f51c34b1500 00007f51e3be72fe
0x00007f51c34b13b0:   00007f51c34b13e0 00007f51c34b1440 

Instructions: (pc=0x00007f51e3c1b714)
0x00007f51e3c1b614:   30 e8 f6 cf e8 ff 4c 89 e7 e8 2e 48 d1 ff 84 db
0x00007f51e3c1b624:   75 2a 4d 85 ed 74 04 4d 8b 6d 00 48 83 c4 08 44
0x00007f51e3c1b634:   89 f9 4c 89 f2 4c 89 ee 5b 4c 89 e7 41 5c 41 5d
0x00007f51e3c1b644:   41 5e 41 5f 5d e9 e2 47 d1 ff 66 90 48 83 c4 08
0x00007f51e3c1b654:   5b 41 5c 41 5d 41 5e 41 5f 5d c3 90 31 d2 be 08
0x00007f51e3c1b664:   00 00 00 4c 89 ff e8 b1 78 a3 ff 49 89 c5 e9 37
0x00007f51e3c1b674:   ff ff ff 66 0f 1f 84 00 00 00 00 00 48 8b 7a 08
0x00007f51e3c1b684:   e9 6d ff ff ff 0f 1f 80 00 00 00 00 e8 5b 48 0a
0x00007f51e3c1b694:   00 84 c0 75 89 e9 6a ff ff ff 66 90 55 48 89 e5
0x00007f51e3c1b6a4:   41 56 41 55 41 54 49 89 fc 53 48 89 f3 66 48 8d
0x00007f51e3c1b6b4:   3d 27 5e 85 00 66 66 48 e8 df 43 8d ff 4c 8b 28
0x00007f51e3c1b6c4:   8b 05 be 72 8a 00 85 c0 75 14 ba 01 00 00 00 48
0x00007f51e3c1b6d4:   8d 0d ae 72 8a 00 f0 0f b1 11 85 c0 74 4e be c8
0x00007f51e3c1b6e4:   00 00 00 4c 89 ef e8 01 0b 41 00 48 8d 05 12 ac
0x00007f51e3c1b6f4:   85 00 49 89 d8 48 8d 0d e8 aa 53 00 ba 49 06 00
0x00007f51e3c1b704:   00 48 8d 35 3c 35 58 00 bf 00 00 00 e0 48 8b 00
0x00007f51e3c1b714:   c6 00 58 31 c0 e8 e2 91 c6 ff 5b 41 5c 41 5d 41
0x00007f51e3c1b724:   5e 5d e9 55 34 26 00 0f 1f 44 00 00 48 8d 05 81
0x00007f51e3c1b734:   a3 8b 00 48 89 df 4c 8b 30 e8 9e 43 8d ff 48 89
0x00007f51e3c1b744:   de 48 89 c2 49 8b 06 4c 89 f7 ff 50 08 4c 89 f7
0x00007f51e3c1b754:   e8 a7 5c 27 00 4d 85 e4 74 12 be 01 00 00 00 4c
0x00007f51e3c1b764:   89 e7 e8 35 43 fc ff eb 82 0f 1f 00 be 01 00 00
0x00007f51e3c1b774:   00 4c 89 ef e8 d3 fd ff ff e9 6d ff ff ff 66 66
0x00007f51e3c1b784:   2e 0f 1f 84 00 00 00 00 00 0f 1f 00 55 48 89 e5
0x00007f51e3c1b794:   41 57 41 56 41 55 41 54 53 48 81 ec 08 02 00 00
0x00007f51e3c1b7a4:   64 48 8b 04 25 28 00 00 00 48 89 45 c8 8b 07 83
0x00007f51e3c1b7b4:   f8 02 0f 84 11 04 00 00 4c 8b 6f 18 49 89 ff 49
0x00007f51e3c1b7c4:   89 f4 4d 85 ed 74 14 4c 89 ef e8 5d 57 22 00 41
0x00007f51e3c1b7d4:   8b 07 83 f8 02 0f 84 19 04 00 00 48 8d 1d 9a 06
0x00007f51e3c1b7e4:   8a 00 4c 8d 35 0b 3c 58 00 eb 38 90 48 85 d2 7f
0x00007f51e3c1b7f4:   0d 48 8d 05 b4 c0 85 00 48 83 38 00 7e 0e 41 8b
0x00007f51e3c1b804:   77 2c 4c 89 f7 31 c0 e8 a0 b2 f7 ff 49 8b 7f 18 


Stack slot to memory mapping:
stack at sp + 0 slots: 0x00007f51c34b1940 is pointing into the stack for thread: 0x00007f51dc0b21d0
stack at sp + 1 slots: 0x00007f51dc0b21d0 is a thread
stack at sp + 2 slots: 0x00007f51e1a348c8 points into unknown readable memory: 0x6573001880c9ffff | ff ff c9 80 18 00 73 65
stack at sp + 3 slots: 0x0000000800c415a8 is a pointer to class: 
jdk.vm.ci.services.Services {0x0000000800c415a8}
 - instance size:     2
 - klass size:        65
 - access:            public final synchronized 
 - state:             fully_initialized
 - name:              'jdk/vm/ci/services/Services'
 - super:             'java/lang/Object'
 - sub:               
 - arrays:            NULL
 - methods:           Array<T>(0x00007f51e0842720)
 - method ordering:   Array<T>(0x0000000800928960)
 - default_methods:   Array<T>(0x0000000000000000)
 - local interfaces:  Array<T>(0x00000008005ce810)
 - trans. interfaces: Array<T>(0x00000008005ce810)
 - constants:         constant pool [427] {0x00007f51e08402c8} for 'jdk/vm/ci/services/Services' cache=0x00007f51e08439f0
 - class loader data:  loader data: 0x00007f51dc0283f0 of 'bootstrap'
 - source file:       'Services.java'
 - class annotations:       Array<T>(0x0000000000000000)
 - class type annotations:  Array<T>(0x0000000000000000)
 - field annotations:       Array<T>(0x0000000000000000)
 - field type annotations:  Array<T>(0x0000000000000000)
 - inner classes:     Array<T>(0x00007f51e08439c0)
 - nest members:     Array<T>(0x00007f51e08439e0)
 - permitted subclasses:     Array<T>(0x00000008005ce7a0)
 - java mirror:       a 'java/lang/Class'{0x00000000e02b6278} = 'jdk/vm/ci/services/Services'
 - vtable length      5  (start addr: 0x0000000800c41778)
 - itable length      2 (start addr: 0x0000000800c417a0)
 - ---- static fields (3 words):
 - public static final 'IS_BUILDING_NATIVE_IMAGE' 'Z' @128 
 - public static final 'IS_IN_NATIVE_IMAGE' 'Z' @129 
 - private static volatile 'savedProperties' 'Ljava/util/Map;' @112 
 - static final 'JVMCI_ENABLED' 'Z' @130 
 - private static final 'servicesCache' 'Ljava/util/Map;' @116 
 - private static final 'MAX_UNICODE_IN_UTF8_LENGTH' 'I' @120 
 - private static final 'MAX_UTF8_PROPERTY_STRING_LENGTH' 'I' @124 
 - ---- non-static fields (0 words):
 - non-static oop maps: 
stack at sp + 4 slots: 0x00007f51c34b1500 is pointing into the stack for thread: 0x00007f51dc0b21d0
stack at sp + 5 slots: 0x00007f51e3be72fe: <offset 0x000000000093e2fe> in /nix/store/gpxl5qgg8kicmcvivwmybwjlpf7wh20l-graalvm17-ce-22.3.0/lib/server/libjvm.so at 0x00007f51e32a9000
stack at sp + 6 slots: 0x00007f51c34b13e0 is pointing into the stack for thread: 0x00007f51dc0b21d0
stack at sp + 7 slots: 0x00007f51c34b1440 is pointing into the stack for thread: 0x00007f51dc0b21d0


---------------  P R O C E S S  ---------------

Threads class SMR info:
_java_thread_list=0x00007f5160267330, length=24, elements={
0x00007f51dc026690, 0x00007f51dc0a64d0, 0x00007f51dc0a7910, 0x00007f51dc0ae040,
0x00007f51dc0af3f0, 0x00007f51dc0b07e0, 0x00007f51dc0b21d0, 0x00007f51dc0b36e0,
0x00007f51dc0b4b30, 0x00007f51dc0d7c20, 0x00007f51dc11f500, 0x00007f51dc2f4270,
0x00007f51dc205300, 0x00007f51dc329190, 0x00007f517402bed0, 0x00007f517441d1c0,
0x00007f51744abfa0, 0x00007f51600010d0, 0x00007f5164000ff0, 0x00007f517464cfe0,
0x00007f5174660590, 0x00007f51dc362c10, 0x00007f51dc4572b0, 0x00007f516028ef20
}

Java Threads: ( => current thread )
  0x00007f51dc026690 JavaThread "main" [_thread_blocked, id=240, stack(0x00007f51e30c4000,0x00007f51e31c4000)]
  0x00007f51dc0a64d0 JavaThread "Reference Handler" daemon [_thread_blocked, id=243, stack(0x00007f51e10db000,0x00007f51e11db000)]
  0x00007f51dc0a7910 JavaThread "Finalizer" daemon [_thread_blocked, id=244, stack(0x00007f51e0700000,0x00007f51e0800000)]
  0x00007f51dc0ae040 JavaThread "Signal Dispatcher" daemon [_thread_blocked, id=245, stack(0x00007f51e031a000,0x00007f51e041a000)]
  0x00007f51dc0af3f0 JavaThread "Service Thread" daemon [_thread_blocked, id=246, stack(0x00007f51e021a000,0x00007f51e031a000)]
  0x00007f51dc0b07e0 JavaThread "Monitor Deflation Thread" daemon [_thread_blocked, id=247, stack(0x00007f51e011a000,0x00007f51e021a000)]
=>0x00007f51dc0b21d0 JavaThread "JVMCI-native CompilerThread0" daemon [_thread_in_vm, id=248, stack(0x00007f51c32b3000,0x00007f51c34b3000)]
  0x00007f51dc0b36e0 JavaThread "C1 CompilerThread0" daemon [_thread_blocked, id=249, stack(0x00007f51c30b3000,0x00007f51c32b3000)]
  0x00007f51dc0b4b30 JavaThread "Sweeper thread" daemon [_thread_blocked, id=250, stack(0x00007f51e001a000,0x00007f51e011a000)]
  0x00007f51dc0d7c20 JavaThread "Common-Cleaner" daemon [_thread_blocked, id=252, stack(0x00007f51c2fb3000,0x00007f51c30b3000)]
  0x00007f51dc11f500 JavaThread "Notification Thread" daemon [_thread_blocked, id=253, stack(0x00007f51c2eb3000,0x00007f51c2fb3000)]
  0x00007f51dc2f4270 JavaThread "Active Thread: Equinox Container: 9e2068a1-d3c9-4d91-abb1-c8a029248519" [_thread_blocked, id=257, stack(0x00007f51c0900000,0x00007f51c0a00000)]
  0x00007f51dc205300 JavaThread "Framework Event Dispatcher: Equinox Container: 9e2068a1-d3c9-4d91-abb1-c8a029248519" daemon [_thread_blocked, id=258, stack(0x00007f51c0700000,0x00007f51c0800000)]
  0x00007f51dc329190 JavaThread "Start Level: Equinox Container: 9e2068a1-d3c9-4d91-abb1-c8a029248519" daemon [_thread_blocked, id=259, stack(0x00007f51c0500000,0x00007f51c0600000)]
  0x00007f517402bed0 JavaThread "SCR Component Actor" daemon [_thread_blocked, id=260, stack(0x00007f51c0300000,0x00007f51c0400000)]
  0x00007f517441d1c0 JavaThread "Worker-JM" [_thread_blocked, id=262, stack(0x00007f518ad00000,0x00007f518ae00000)]
  0x00007f51744abfa0 JavaThread "Worker-0: Periodic workspace save." [_thread_blocked, id=263, stack(0x00007f518ab00000,0x00007f518ac00000)]
  0x00007f51600010d0 JavaThread "Worker-1: Compacting resource model" [_thread_blocked, id=264, stack(0x00007f518a900000,0x00007f518aa00000)]
  0x00007f5164000ff0 JavaThread "Worker-2: Java indexing... " [_thread_blocked, id=265, stack(0x00007f518a700000,0x00007f518a800000)]
  0x00007f517464cfe0 JavaThread "Java indexing" daemon [_thread_blocked, id=266, stack(0x00007f518a500000,0x00007f518a600000)]
  0x00007f5174660590 JavaThread "Bundle File Closer" daemon [_thread_blocked, id=267, stack(0x00007f51c0400000,0x00007f51c0500000)]
  0x00007f51dc362c10 JavaThread "pool-3-thread-1" [_thread_blocked, id=268, stack(0x00007f51c0100000,0x00007f51c0200000)]
  0x00007f51dc4572b0 JavaThread "pool-2-thread-1" [_thread_blocked, id=269, stack(0x00007f51c0200000,0x00007f51c0300000)]
  0x00007f516028ef20 JavaThread "ForkJoinPool-1-worker-1" daemon [_thread_blocked, id=309, stack(0x00007f518a300000,0x00007f518a400000)]

Other Threads:
  0x00007f51dc0a1c10 VMThread "VM Thread" [stack: 0x00007f51e11dd000,0x00007f51e12dd000] [id=242] _threads_hazard_ptr=0x00007f5160267330
  0x00007f51dc120ea0 WatcherThread [stack: 0x00007f51c2db3000,0x00007f51c2eb3000] [id=254]
  0x00007f51dc03df30 GCTaskThread "GC Thread#0" [stack: 0x00007f51e2c87000,0x00007f51e2d87000] [id=241]

Threads with active compile tasks:
JVMCI-native CompilerThread0   730879 8072       4       java.util.Collections$UnmodifiableCollection$1::hasNext (10 bytes)

VM state: synchronizing (normal execution)

VM Mutex/Monitor currently owned by a thread:  ([mutex/lock_event])
[0x00007f51dc023840] Threads_lock - owner thread: 0x00007f51dc0a1c10
[0x00007f51dc023ff0] Heap_lock - owner thread: 0x00007f51dc4572b0

OutOfMemory and StackOverflow Exception counts:
OutOfMemoryError java_heap_errors=2
LinkageErrors=57

Heap address: 0x00000000e0000000, size: 512 MB, Compressed Oops mode: 32-bit

CDS archive(s) mapped at: [0x0000000800000000-0x0000000800bc8000-0x0000000800bc8000), size 12353536, SharedBaseAddress: 0x0000000800000000, ArchiveRelocationMode: 0.
Compressed class space mapped at: 0x0000000800c00000-0x0000000840c00000, reserved size: 1073741824
Narrow klass base: 0x0000000800000000, Narrow klass shift: 0, Narrow klass range: 0x100000000

GC Precious Log:
 CPUs: 8 total, 1 available
 Memory: 1024M
 Large Page Support: Disabled
 NUMA Support: Disabled
 Compressed Oops: Enabled (32-bit)
 Alignments: Space 512K, Generation 512K, Heap 2M
 Heap Min Capacity: 100M
 Heap Initial Capacity: 100M
 Heap Max Capacity: 512M
 Pre-touch: Disabled
 Parallel Workers: 1

Heap:
 PSYoungGen      total 51712K, used 33280K [0x00000000f5580000, 0x00000000f9c80000, 0x0000000100000000)
  eden space 33280K, 100% used [0x00000000f5580000,0x00000000f7600000,0x00000000f7600000)
  from space 18432K, 0% used [0x00000000f7600000,0x00000000f7600000,0x00000000f8800000)
  to   space 17920K, 0% used [0x00000000f8880000,0x00000000f8880000,0x00000000f9a00000)
 ParOldGen       total 349696K, used 349695K [0x00000000e0000000, 0x00000000f5580000, 0x00000000f5580000)
  object space 349696K, 99% used [0x00000000e0000000,0x00000000f557ffc8,0x00000000f5580000)
 Metaspace       used 53139K, committed 54208K, reserved 1097728K
  class space    used 5163K, committed 5632K, reserved 1048576K

Card table byte_map: [0x00007f51e2d87000,0x00007f51e2e88000] _byte_map_base: 0x00007f51e2687000

Marking Bits: (ParMarkBitMap*) 0x00007f51e44d74c0
 Begin Bits: [0x00007f51e1bda000, 0x00007f51e23da000)
 End Bits:   [0x00007f51e23da000, 0x00007f51e2bda000)

Polling page: 0x00007f51e30a1000

Metaspace:

Usage:
  Non-class:     46.85 MB used.
      Class:      5.04 MB used.
       Both:     51.89 MB used.

Virtual space:
  Non-class space:       48.00 MB reserved,      47.44 MB ( 99%) committed,  6 nodes.
      Class space:        1.00 GB reserved,       5.50 MB ( <1%) committed,  1 nodes.
             Both:        1.05 GB reserved,      52.94 MB (  5%) committed. 

Chunk freelists:
   Non-Class:  737.00 KB
       Class:  2.54 MB
        Both:  3.26 MB

MaxMetaspaceSize: unlimited
CompressedClassSpaceSize: 1.00 GB
Initial GC threshold: 21.00 MB
Current GC threshold: 88.12 MB
CDS: on
MetaspaceReclaimPolicy: balanced
 - commit_granule_bytes: 65536.
 - commit_granule_words: 8192.
 - virtual_space_node_default_size: 1048576.
 - enlarge_chunks_in_place: 1.
 - new_chunks_are_fully_committed: 0.
 - uncommit_free_chunks: 1.
 - use_allocation_guard: 0.
 - handle_deallocations: 1.


Internal statistics:

num_allocs_failed_limit: 6.
num_arena_births: 464.
num_arena_deaths: 136.
num_vsnodes_births: 7.
num_vsnodes_deaths: 0.
num_space_committed: 845.
num_space_uncommitted: 0.
num_chunks_returned_to_freelist: 189.
num_chunks_taken_from_freelist: 2738.
num_chunk_merges: 83.
num_chunk_splits: 1742.
num_chunks_enlarged: 1052.
num_purges: 20.
num_inconsistent_stats: 0.

CodeHeap 'non-profiled nmethods': size=120036Kb used=2637Kb max_used=2637Kb free=117399Kb
 bounds [0x00007f51caf7a000, 0x00007f51cb21a000, 0x00007f51d24b3000]
CodeHeap 'profiled nmethods': size=120032Kb used=12469Kb max_used=14763Kb free=107562Kb
 bounds [0x00007f51c3a42000, 0x00007f51c48b2000, 0x00007f51caf7a000]
CodeHeap 'non-nmethods': size=5692Kb used=1357Kb max_used=1368Kb free=4334Kb
 bounds [0x00007f51c34b3000, 0x00007f51c3723000, 0x00007f51c3a42000]
 total_blobs=6755 nmethods=6064 adapters=583
 compilation: enabled
              stopped_count=0, restarted_count=0
 full_count=0

JVMCI Events (20 events):
Event: 533.692 Thread 0x00007f51dc0b21d0 destroyed JavaVM[6]@0x00007f518979e340 for JVMCI runtime 0
Event: 533.692 Thread 0x00007f51dc0b21d0 compacted oop handles in JVMCI runtime 0 from 40 to 40
Event: 533.692 Thread 0x00007f51dc0b21d0 releasing handles for JVMCI runtime 0: oop handles=40, metadata handles={total=128, live=105, blocks=31}
Event: 533.692 Thread 0x00007f51dc0b21d0 detached from JVMCI runtime 0
Event: 569.816 Thread 0x00007f51dc0b21d0 attached to JVMCI runtime 0
Event: 569.817 Thread 0x00007f51dc0b21d0 created JavaVM[7]@0x00007f518979e340 for JVMCI runtime 0
Event: 569.817 Thread 0x00007f51dc0b21d0 initializing JVMCI runtime 0
Event: 569.817 Thread 0x00007f51dc0b21d0 done waiting for JavaVM references initialization in JVMCI runtime 0
Event: 588.494 Thread 0x00007f51dc0b21d0 initialized JVMCI runtime 0
Event: 603.071 Thread 0x00007f51dc0b21d0 detaching from JVMCI runtime 0: releasing idle compiler thread (0 other threads still attached)
Event: 603.071 Thread 0x00007f51dc0b21d0 shutting down HotSpotJVMCIRuntime for JVMCI runtime 0
Event: 604.406 Thread 0x00007f51dc0b21d0 shut down JVMCI runtime 0
Event: 605.685 Thread 0x00007f51dc0b21d0 destroyed JavaVM[7]@0x00007f518979e340 for JVMCI runtime 0
Event: 605.685 Thread 0x00007f51dc0b21d0 compacted oop handles in JVMCI runtime 0 from 49 to 49
Event: 605.685 Thread 0x00007f51dc0b21d0 releasing handles for JVMCI runtime 0: oop handles=49, metadata handles={total=103, live=96, blocks=31}
Event: 605.685 Thread 0x00007f51dc0b21d0 detached from JVMCI runtime 0
Event: 634.596 Thread 0x00007f51dc0b21d0 attached to JVMCI runtime 0
Event: 634.597 Thread 0x00007f51dc0b21d0 created JavaVM[8]@0x00007f518979e340 for JVMCI runtime 0
Event: 634.597 Thread 0x00007f51dc0b21d0 initializing JVMCI runtime 0
Event: 634.597 Thread 0x00007f51dc0b21d0 done waiting for JavaVM references initialization in JVMCI runtime 0

Compilation events (20 events):
Event: 528.544 Thread 0x00007f51dc0b36e0 8064       3       java.lang.invoke.VarHandleReferences$FieldInstanceReadWrite::compareAndSet (48 bytes)
Event: 528.545 Thread 0x00007f51dc0b36e0 nmethod 8064 0x00007f51c41dd510 code [0x00007f51c41dd780, 0x00007f51c41de300]
Event: 532.476 Thread 0x00007f51dc0b21d0 nmethod 8059 0x00007f51cb208c90 code [0x00007f51cb208f00, 0x00007f51cb20a440]
Event: 565.871 Thread 0x00007f51dc0b36e0 8065       3       java.util.LinkedList::checkElementIndex (22 bytes)
Event: 569.813 Thread 0x00007f51dc0b36e0 nmethod 8065 0x00007f51c3b91910 code [0x00007f51c3b91b60, 0x00007f51c3b922a0]
Event: 569.813 Thread 0x00007f51dc0b36e0 8066       3       java.util.LinkedList::isElementIndex (18 bytes)
Event: 569.813 Thread 0x00007f51dc0b36e0 nmethod 8066 0x00007f51c3b98790 code [0x00007f51c3b98920, 0x00007f51c3b98ab0]
Event: 569.813 Thread 0x00007f51dc0b36e0 8067  s    3       org.eclipse.jdt.internal.core.search.processing.JobManager::currentJob (35 bytes)
Event: 569.813 Thread 0x00007f51dc0b36e0 nmethod 8067 0x00007f51c42c6990 code [0x00007f51c42c6b60, 0x00007f51c42c74b0]
Event: 569.816 Thread 0x00007f51dc0b21d0 8068       4       java.lang.String::indexOf (18 bytes)
Event: 589.922 Thread 0x00007f51dc0b21d0 nmethod 8068 0x00007f51cb20b310 code [0x00007f51cb20b4a0, 0x00007f51cb20b700]
Event: 589.923 Thread 0x00007f51dc0b21d0 8069 %     4       java.io.DataOutputStream::writeUTF @ 10 (411 bytes)
Event: 601.713 Thread 0x00007f51dc0b21d0 nmethod 8069% 0x00007f51cb20b890 code [0x00007f51cb20ba80, 0x00007f51cb20c650]
Event: 620.324 Thread 0x00007f51dc0b36e0 8071       3       java.lang.invoke.MethodHandle::asTypeCached (21 bytes)
Event: 620.325 Thread 0x00007f51dc0b36e0 nmethod 8071 0x00007f51c4094290 code [0x00007f51c4094440, 0x00007f51c40945f0]
Event: 634.590 Thread 0x00007f51dc0b21d0 8072       4       java.util.Collections$UnmodifiableCollection$1::hasNext (10 bytes)
Event: 653.420 Thread 0x00007f51dc0b36e0 8074       3       java.util.concurrent.locks.AbstractQueuedSynchronizer$Node::<init> (5 bytes)
Event: 654.837 Thread 0x00007f51dc0b36e0 nmethod 8074 0x00007f51c4095910 code [0x00007f51c4095ac0, 0x00007f51c4095c10]
Event: 725.209 Thread 0x00007f51dc0b36e0 8076       3       java.text.MessageFormat::subformat (542 bytes)
Event: 726.409 Thread 0x00007f51dc0b36e0 nmethod 8076 0x00007f51c4796210 code [0x00007f51c4796860, 0x00007f51c479c6c0]

GC Heap History (20 events):
Event: 717.079 GC heap before
{Heap before GC invocations=468 (full 404):
 PSYoungGen      total 51712K, used 33279K [0x00000000f5580000, 0x00000000f9c80000, 0x0000000100000000)
  eden space 33280K, 99% used [0x00000000f5580000,0x00000000f75fffa8,0x00000000f7600000)
  from space 18432K, 0% used [0x00000000f7600000,0x00000000f7600000,0x00000000f8800000)
  to   space 17920K, 0% used [0x00000000f8880000,0x00000000f8880000,0x00000000f9a00000)
 ParOldGen       total 349696K, used 349686K [0x00000000e0000000, 0x00000000f5580000, 0x00000000f5580000)
  object space 349696K, 99% used [0x00000000e0000000,0x00000000f557db90,0x00000000f5580000)
 Metaspace       used 53131K, committed 54208K, reserved 1097728K
  class space    used 5162K, committed 5632K, reserved 1048576K
}
Event: 718.457 GC heap after
{Heap after GC invocations=468 (full 404):
 PSYoungGen      total 51200K, used 33279K [0x00000000f5580000, 0x00000000f9c80000, 0x0000000100000000)
  eden space 33280K, 99% used [0x00000000f5580000,0x00000000f75fff78,0x00000000f7600000)
  from space 17920K, 0% used [0x00000000f8880000,0x00000000f8880000,0x00000000f9a00000)
  to   space 18432K, 0% used [0x00000000f7600000,0x00000000f7600000,0x00000000f8800000)
 ParOldGen       total 349696K, used 349686K [0x00000000e0000000, 0x00000000f5580000, 0x00000000f5580000)
  object space 349696K, 99% used [0x00000000e0000000,0x00000000f557db90,0x00000000f5580000)
 Metaspace       used 53131K, committed 54208K, reserved 1097728K
  class space    used 5162K, committed 5632K, reserved 1048576K
}
Event: 718.461 GC heap before
{Heap before GC invocations=469 (full 405):
 PSYoungGen      total 51200K, used 33279K [0x00000000f5580000, 0x00000000f9c80000, 0x0000000100000000)
  eden space 33280K, 99% used [0x00000000f5580000,0x00000000f75ffff0,0x00000000f7600000)
  from space 17920K, 0% used [0x00000000f8880000,0x00000000f8880000,0x00000000f9a00000)
  to   space 18432K, 0% used [0x00000000f7600000,0x00000000f7600000,0x00000000f8800000)
 ParOldGen       total 349696K, used 349689K [0x00000000e0000000, 0x00000000f5580000, 0x00000000f5580000)
  object space 349696K, 99% used [0x00000000e0000000,0x00000000f557e720,0x00000000f5580000)
 Metaspace       used 53131K, committed 54208K, reserved 1097728K
  class space    used 5162K, committed 5632K, reserved 1048576K
}
Event: 719.703 GC heap after
{Heap after GC invocations=469 (full 405):
 PSYoungGen      total 51712K, used 33279K [0x00000000f5580000, 0x00000000f9c80000, 0x0000000100000000)
  eden space 33280K, 99% used [0x00000000f5580000,0x00000000f75fff20,0x00000000f7600000)
  from space 18432K, 0% used [0x00000000f7600000,0x00000000f7600000,0x00000000f8800000)
  to   space 17920K, 0% used [0x00000000f8880000,0x00000000f8880000,0x00000000f9a00000)
 ParOldGen       total 349696K, used 349687K [0x00000000e0000000, 0x00000000f5580000, 0x00000000f5580000)
  object space 349696K, 99% used [0x00000000e0000000,0x00000000f557df78,0x00000000f5580000)
 Metaspace       used 53131K, committed 54208K, reserved 1097728K
  class space    used 5162K, committed 5632K, reserved 1048576K
}
Event: 719.703 GC heap before
{Heap before GC invocations=470 (full 406):
 PSYoungGen      total 51712K, used 33280K [0x00000000f5580000, 0x00000000f9c80000, 0x0000000100000000)
  eden space 33280K, 100% used [0x00000000f5580000,0x00000000f7600000,0x00000000f7600000)
  from space 18432K, 0% used [0x00000000f7600000,0x00000000f7600000,0x00000000f8800000)
  to   space 17920K, 0% used [0x00000000f8880000,0x00000000f8880000,0x00000000f9a00000)
 ParOldGen       total 349696K, used 349687K [0x00000000e0000000, 0x00000000f5580000, 0x00000000f5580000)
  object space 349696K, 99% used [0x00000000e0000000,0x00000000f557df78,0x00000000f5580000)
 Metaspace       used 53131K, committed 54208K, reserved 1097728K
  class space    used 5162K, committed 5632K, reserved 1048576K
}
Event: 721.010 GC heap after
{Heap after GC invocations=470 (full 406):
 PSYoungGen      total 51200K, used 33280K [0x00000000f5580000, 0x00000000f9c80000, 0x0000000100000000)
  eden space 33280K, 100% used [0x00000000f5580000,0x00000000f7600000,0x00000000f7600000)
  from space 17920K, 0% used [0x00000000f8880000,0x00000000f8880000,0x00000000f9a00000)
  to   space 18432K, 0% used [0x00000000f7600000,0x00000000f7600000,0x00000000f8800000)
 ParOldGen       total 349696K, used 349687K [0x00000000e0000000, 0x00000000f5580000, 0x00000000f5580000)
  object space 349696K, 99% used [0x00000000e0000000,0x00000000f557df40,0x00000000f5580000)
 Metaspace       used 53131K, committed 54208K, reserved 1097728K
  class space    used 5162K, committed 5632K, reserved 1048576K
}
Event: 721.010 GC heap before
{Heap before GC invocations=471 (full 407):
 PSYoungGen      total 51200K, used 33280K [0x00000000f5580000, 0x00000000f9c80000, 0x0000000100000000)
  eden space 33280K, 100% used [0x00000000f5580000,0x00000000f7600000,0x00000000f7600000)
  from space 17920K, 0% used [0x00000000f8880000,0x00000000f8880000,0x00000000f9a00000)
  to   space 18432K, 0% used [0x00000000f7600000,0x00000000f7600000,0x00000000f8800000)
 ParOldGen       total 349696K, used 349693K [0x00000000e0000000, 0x00000000f5580000, 0x00000000f5580000)
  object space 349696K, 99% used [0x00000000e0000000,0x00000000f557f658,0x00000000f5580000)
 Metaspace       used 53132K, committed 54208K, reserved 1097728K
  class space    used 5163K, committed 5632K, reserved 1048576K
}
Event: 722.582 GC heap after
{Heap after GC invocations=471 (full 407):
 PSYoungGen      total 51712K, used 33279K [0x00000000f5580000, 0x00000000f9c80000, 0x0000000100000000)
  eden space 33280K, 99% used [0x00000000f5580000,0x00000000f75fffc0,0x00000000f7600000)
  from space 18432K, 0% used [0x00000000f7600000,0x00000000f7600000,0x00000000f8800000)
  to   space 17920K, 0% used [0x00000000f8880000,0x00000000f8880000,0x00000000f9a00000)
 ParOldGen       total 349696K, used 349690K [0x00000000e0000000, 0x00000000f5580000, 0x00000000f5580000)
  object space 349696K, 99% used [0x00000000e0000000,0x00000000f557eb00,0x00000000f5580000)
 Metaspace       used 53132K, committed 54208K, reserved 1097728K
  class space    used 5163K, committed 5632K, reserved 1048576K
}
Event: 722.586 GC heap before
{Heap before GC invocations=472 (full 408):
 PSYoungGen      total 51712K, used 33279K [0x00000000f5580000, 0x00000000f9c80000, 0x0000000100000000)
  eden space 33280K, 99% used [0x00000000f5580000,0x00000000f75ffff8,0x00000000f7600000)
  from space 18432K, 0% used [0x00000000f7600000,0x00000000f7600000,0x00000000f8800000)
  to   space 17920K, 0% used [0x00000000f8880000,0x00000000f8880000,0x00000000f9a00000)
 ParOldGen       total 349696K, used 349694K [0x00000000e0000000, 0x00000000f5580000, 0x00000000f5580000)
  object space 349696K, 99% used [0x00000000e0000000,0x00000000f557f800,0x00000000f5580000)
 Metaspace       used 53132K, committed 54208K, reserved 1097728K
  class space    used 5163K, committed 5632K, reserved 1048576K
}
Event: 723.935 GC heap after
{Heap after GC invocations=472 (full 408):
 PSYoungGen      total 51200K, used 33279K [0x00000000f5580000, 0x00000000f9c80000, 0x0000000100000000)
  eden space 33280K, 99% used [0x00000000f5580000,0x00000000f75ffdf8,0x00000000f7600000)
  from space 17920K, 0% used [0x00000000f8880000,0x00000000f8880000,0x00000000f9a00000)
  to   space 18432K, 0% used [0x00000000f7600000,0x00000000f7600000,0x00000000f8800000)
 ParOldGen       total 349696K, used 349691K [0x00000000e0000000, 0x00000000f5580000, 0x00000000f5580000)
  object space 349696K, 99% used [0x00000000e0000000,0x00000000f557eff0,0x00000000f5580000)
 Metaspace       used 53132K, committed 54208K, reserved 1097728K
  class space    used 5163K, committed 5632K, reserved 1048576K
}
Event: 723.935 GC heap before
{Heap before GC invocations=473 (full 409):
 PSYoungGen      total 51200K, used 33279K [0x00000000f5580000, 0x00000000f9c80000, 0x0000000100000000)
  eden space 33280K, 99% used [0x00000000f5580000,0x00000000f75ffff0,0x00000000f7600000)
  from space 17920K, 0% used [0x00000000f8880000,0x00000000f8880000,0x00000000f9a00000)
  to   space 18432K, 0% used [0x00000000f7600000,0x00000000f7600000,0x00000000f8800000)
 ParOldGen       total 349696K, used 349691K [0x00000000e0000000, 0x00000000f5580000, 0x00000000f5580000)
  object space 349696K, 99% used [0x00000000e0000000,0x00000000f557eff0,0x00000000f5580000)
 Metaspace       used 53132K, committed 54208K, reserved 1097728K
  class space    used 5163K, committed 5632K, reserved 1048576K
}
Event: 725.208 GC heap after
{Heap after GC invocations=473 (full 409):
 PSYoungGen      total 51712K, used 33279K [0x00000000f5580000, 0x00000000f9c80000, 0x0000000100000000)
  eden space 33280K, 99% used [0x00000000f5580000,0x00000000f75ffff0,0x00000000f7600000)
  from space 18432K, 0% used [0x00000000f7600000,0x00000000f7600000,0x00000000f8800000)
  to   space 17920K, 0% used [0x00000000f8880000,0x00000000f8880000,0x00000000f9a00000)
 ParOldGen       total 349696K, used 349691K [0x00000000e0000000, 0x00000000f5580000, 0x00000000f5580000)
  object space 349696K, 99% used [0x00000000e0000000,0x00000000f557eff0,0x00000000f5580000)
 Metaspace       used 53132K, committed 54208K, reserved 1097728K
  class space    used 5163K, committed 5632K, reserved 1048576K
}
Event: 725.211 GC heap before
{Heap before GC invocations=474 (full 410):
 PSYoungGen      total 51712K, used 33280K [0x00000000f5580000, 0x00000000f9c80000, 0x0000000100000000)
  eden space 33280K, 100% used [0x00000000f5580000,0x00000000f7600000,0x00000000f7600000)
  from space 18432K, 0% used [0x00000000f7600000,0x00000000f7600000,0x00000000f8800000)
  to   space 17920K, 0% used [0x00000000f8880000,0x00000000f8880000,0x00000000f9a00000)
 ParOldGen       total 349696K, used 349694K [0x00000000e0000000, 0x00000000f5580000, 0x00000000f5580000)
  object space 349696K, 99% used [0x00000000e0000000,0x00000000f557f8b8,0x00000000f5580000)
 Metaspace       used 53138K, committed 54208K, reserved 1097728K
  class space    used 5163K, committed 5632K, reserved 1048576K
}
Event: 726.408 GC heap after
{Heap after GC invocations=474 (full 410):
 PSYoungGen      total 51200K, used 33279K [0x00000000f5580000, 0x00000000f9c80000, 0x0000000100000000)
  eden space 33280K, 99% used [0x00000000f5580000,0x00000000f75ffed0,0x00000000f7600000)
  from space 17920K, 0% used [0x00000000f8880000,0x00000000f8880000,0x00000000f9a00000)
  to   space 18432K, 0% used [0x00000000f7600000,0x00000000f7600000,0x00000000f8800000)
 ParOldGen       total 349696K, used 349692K [0x00000000e0000000, 0x00000000f5580000, 0x00000000f5580000)
  object space 349696K, 99% used [0x00000000e0000000,0x00000000f557f028,0x00000000f5580000)
 Metaspace       used 53138K, committed 54208K, reserved 1097728K
  class space    used 5163K, committed 5632K, reserved 1048576K
}
Event: 726.410 GC heap before
{Heap before GC invocations=475 (full 411):
 PSYoungGen      total 51200K, used 33280K [0x00000000f5580000, 0x00000000f9c80000, 0x0000000100000000)
  eden space 33280K, 100% used [0x00000000f5580000,0x00000000f7600000,0x00000000f7600000)
  from space 17920K, 0% used [0x00000000f8880000,0x00000000f8880000,0x00000000f9a00000)
  to   space 18432K, 0% used [0x00000000f7600000,0x00000000f7600000,0x00000000f8800000)
 ParOldGen       total 349696K, used 349694K [0x00000000e0000000, 0x00000000f5580000, 0x00000000f5580000)
  object space 349696K, 99% used [0x00000000e0000000,0x00000000f557fbd8,0x00000000f5580000)
 Metaspace       used 53138K, committed 54208K, reserved 1097728K
  class space    used 5163K, committed 5632K, reserved 1048576K
}
Event: 727.772 GC heap after
{Heap after GC invocations=475 (full 411):
 PSYoungGen      total 51712K, used 33280K [0x00000000f5580000, 0x00000000f9c80000, 0x0000000100000000)
  eden space 33280K, 100% used [0x00000000f5580000,0x00000000f7600000,0x00000000f7600000)
  from space 18432K, 0% used [0x00000000f7600000,0x00000000f7600000,0x00000000f8800000)
  to   space 17920K, 0% used [0x00000000f8880000,0x00000000f8880000,0x00000000f9a00000)
 ParOldGen       total 349696K, used 349694K [0x00000000e0000000, 0x00000000f5580000, 0x00000000f5580000)
  object space 349696K, 99% used [0x00000000e0000000,0x00000000f557fb98,0x00000000f5580000)
 Metaspace       used 53138K, committed 54208K, reserved 1097728K
  class space    used 5163K, committed 5632K, reserved 1048576K
}
Event: 727.776 GC heap before
{Heap before GC invocations=476 (full 412):
 PSYoungGen      total 51712K, used 33280K [0x00000000f5580000, 0x00000000f9c80000, 0x0000000100000000)
  eden space 33280K, 100% used [0x00000000f5580000,0x00000000f7600000,0x00000000f7600000)
  from space 18432K, 0% used [0x00000000f7600000,0x00000000f7600000,0x00000000f8800000)
  to   space 17920K, 0% used [0x00000000f8880000,0x00000000f8880000,0x00000000f9a00000)
 ParOldGen       total 349696K, used 349695K [0x00000000e0000000, 0x00000000f5580000, 0x00000000f5580000)
  object space 349696K, 99% used [0x00000000e0000000,0x00000000f557fe28,0x00000000f5580000)
 Metaspace       used 53138K, committed 54208K, reserved 1097728K
  class space    used 5163K, committed 5632K, reserved 1048576K
}
Event: 729.074 GC heap after
{Heap after GC invocations=476 (full 412):
 PSYoungGen      total 51200K, used 33280K [0x00000000f5580000, 0x00000000f9c80000, 0x0000000100000000)
  eden space 33280K, 100% used [0x00000000f5580000,0x00000000f7600000,0x00000000f7600000)
  from space 17920K, 0% used [0x00000000f8880000,0x00000000f8880000,0x00000000f9a00000)
  to   space 18432K, 0% used [0x00000000f7600000,0x00000000f7600000,0x00000000f8800000)
 ParOldGen       total 349696K, used 349695K [0x00000000e0000000, 0x00000000f5580000, 0x00000000f5580000)
  object space 349696K, 99% used [0x00000000e0000000,0x00000000f557fd20,0x00000000f5580000)
 Metaspace       used 53138K, committed 54208K, reserved 1097728K
  class space    used 5163K, committed 5632K, reserved 1048576K
}
Event: 729.074 GC heap before
{Heap before GC invocations=477 (full 413):
 PSYoungGen      total 51200K, used 33280K [0x00000000f5580000, 0x00000000f9c80000, 0x0000000100000000)
  eden space 33280K, 100% used [0x00000000f5580000,0x00000000f7600000,0x00000000f7600000)
  from space 17920K, 0% used [0x00000000f8880000,0x00000000f8880000,0x00000000f9a00000)
  to   space 18432K, 0% used [0x00000000f7600000,0x00000000f7600000,0x00000000f8800000)
 ParOldGen       total 349696K, used 349695K [0x00000000e0000000, 0x00000000f5580000, 0x00000000f5580000)
  object space 349696K, 99% used [0x00000000e0000000,0x00000000f557fd20,0x00000000f5580000)
 Metaspace       used 53138K, committed 54208K, reserved 1097728K
  class space    used 5163K, committed 5632K, reserved 1048576K
}
Event: 730.564 GC heap after
{Heap after GC invocations=477 (full 413):
 PSYoungGen      total 51712K, used 33280K [0x00000000f5580000, 0x00000000f9c80000, 0x0000000100000000)
  eden space 33280K, 100% used [0x00000000f5580000,0x00000000f7600000,0x00000000f7600000)
  from space 18432K, 0% used [0x00000000f7600000,0x00000000f7600000,0x00000000f8800000)
  to   space 17920K, 0% used [0x00000000f8880000,0x00000000f8880000,0x00000000f9a00000)
 ParOldGen       total 349696K, used 349695K [0x00000000e0000000, 0x00000000f5580000, 0x00000000f5580000)
  object space 349696K, 99% used [0x00000000e0000000,0x00000000f557fd20,0x00000000f5580000)
 Metaspace       used 53138K, committed 54208K, reserved 1097728K
  class space    used 5163K, committed 5632K, reserved 1048576K
}

Dll operation events (8 events):
Event: 0.041 Loaded shared library /nix/store/gpxl5qgg8kicmcvivwmybwjlpf7wh20l-graalvm17-ce-22.3.0/lib/libjava.so
Event: 0.066 Loaded shared library /nix/store/gpxl5qgg8kicmcvivwmybwjlpf7wh20l-graalvm17-ce-22.3.0/lib/libjsvml.so
Event: 0.759 Loaded shared library /nix/store/gpxl5qgg8kicmcvivwmybwjlpf7wh20l-graalvm17-ce-22.3.0/lib/libnio.so
Event: 0.765 Loaded shared library /nix/store/gpxl5qgg8kicmcvivwmybwjlpf7wh20l-graalvm17-ce-22.3.0/lib/libjvmcicompiler.so
Event: 0.779 Loaded shared library /nix/store/gpxl5qgg8kicmcvivwmybwjlpf7wh20l-graalvm17-ce-22.3.0/lib/libzip.so
Event: 1.428 Loaded shared library /nix/store/gpxl5qgg8kicmcvivwmybwjlpf7wh20l-graalvm17-ce-22.3.0/lib/libjimage.so
Event: 3.790 Loaded shared library /nix/store/gpxl5qgg8kicmcvivwmybwjlpf7wh20l-graalvm17-ce-22.3.0/lib/libnet.so
Event: 6.347 Loaded shared library /home/runner/.cache/jdt-language-server/config/org.eclipse.equinox.launcher/org.eclipse.equinox.launcher.gtk.linux.x86_64_1.2.400.v20211117-0650/eclipse_11600.so

Deoptimization events (20 events):
Event: 80.700 Thread 0x00007f517464cfe0 DEOPT PACKING pc=0x00007f51c3c12edd sp=0x00007f518a5fe530
Event: 80.700 Thread 0x00007f517464cfe0 DEOPT UNPACKING pc=0x00007f51c3505325 sp=0x00007f518a5fda20 mode 0
Event: 80.702 Thread 0x00007f517464cfe0 DEOPT PACKING pc=0x00007f51c3c12edd sp=0x00007f518a5fe530
Event: 80.702 Thread 0x00007f517464cfe0 DEOPT UNPACKING pc=0x00007f51c3505325 sp=0x00007f518a5fda20 mode 0
Event: 80.764 Thread 0x00007f517464cfe0 DEOPT PACKING pc=0x00007f51c3c12edd sp=0x00007f518a5fe530
Event: 80.764 Thread 0x00007f517464cfe0 DEOPT UNPACKING pc=0x00007f51c3505325 sp=0x00007f518a5fda20 mode 0
Event: 80.771 Thread 0x00007f517464cfe0 DEOPT PACKING pc=0x00007f51c3c12edd sp=0x00007f518a5fe530
Event: 80.771 Thread 0x00007f517464cfe0 DEOPT UNPACKING pc=0x00007f51c3505325 sp=0x00007f518a5fda20 mode 0
Event: 80.780 Thread 0x00007f517464cfe0 DEOPT PACKING pc=0x00007f51c3c12edd sp=0x00007f518a5fe530
Event: 80.780 Thread 0x00007f517464cfe0 DEOPT UNPACKING pc=0x00007f51c3505325 sp=0x00007f518a5fda20 mode 0
Event: 80.785 Thread 0x00007f517464cfe0 DEOPT PACKING pc=0x00007f51c3c12edd sp=0x00007f518a5fe530
Event: 80.785 Thread 0x00007f517464cfe0 DEOPT UNPACKING pc=0x00007f51c3505325 sp=0x00007f518a5fda20 mode 0
Event: 80.797 Thread 0x00007f517464cfe0 DEOPT PACKING pc=0x00007f51c3f43d1b sp=0x00007f518a5fe4b0
Event: 80.797 Thread 0x00007f517464cfe0 DEOPT UNPACKING pc=0x00007f51c3505325 sp=0x00007f518a5fd968 mode 0
Event: 80.926 Thread 0x00007f517464cfe0 DEOPT PACKING pc=0x00007f51c3f43d1b sp=0x00007f518a5fe4b0
Event: 80.926 Thread 0x00007f517464cfe0 DEOPT UNPACKING pc=0x00007f51c3505325 sp=0x00007f518a5fd968 mode 0
Event: 80.930 Thread 0x00007f517464cfe0 DEOPT PACKING pc=0x00007f51c3f43d1b sp=0x00007f518a5fe4b0
Event: 80.930 Thread 0x00007f517464cfe0 DEOPT UNPACKING pc=0x00007f51c3505325 sp=0x00007f518a5fd968 mode 0
Event: 80.991 Thread 0x00007f517464cfe0 DEOPT PACKING pc=0x00007f51c3f43d1b sp=0x00007f518a5fe4b0
Event: 80.991 Thread 0x00007f517464cfe0 DEOPT UNPACKING pc=0x00007f51c3505325 sp=0x00007f518a5fd968 mode 0

Classes unloaded (20 events):
Event: 153.721 Thread 0x00007f51dc0a1c10 Unloading class 0x0000000800cb2000 'java/lang/invoke/LambdaForm$MH+0x0000000800cb2000'
Event: 153.721 Thread 0x00007f51dc0a1c10 Unloading class 0x0000000800cb1c00 'java/lang/invoke/LambdaForm$MH+0x0000000800cb1c00'
Event: 153.721 Thread 0x00007f51dc0a1c10 Unloading class 0x0000000800cb1800 'java/lang/invoke/LambdaForm$MH+0x0000000800cb1800'
Event: 153.721 Thread 0x00007f51dc0a1c10 Unloading class 0x0000000800cb1000 'java/lang/invoke/LambdaForm$MH+0x0000000800cb1000'
Event: 153.721 Thread 0x00007f51dc0a1c10 Unloading class 0x0000000800cb0c00 'java/lang/invoke/LambdaForm$MH+0x0000000800cb0c00'
Event: 153.721 Thread 0x00007f51dc0a1c10 Unloading class 0x0000000800cb0800 'java/lang/invoke/LambdaForm$MH+0x0000000800cb0800'
Event: 153.721 Thread 0x00007f51dc0a1c10 Unloading class 0x0000000800cb0000 'java/lang/invoke/LambdaForm$MH+0x0000000800cb0000'
Event: 170.991 Thread 0x00007f51dc0a1c10 Unloading class 0x0000000801008400 'jdk/internal/reflect/GeneratedSerializationConstructorAccessor33'
Event: 170.991 Thread 0x00007f51dc0a1c10 Unloading class 0x0000000801008000 'jdk/internal/reflect/GeneratedSerializationConstructorAccessor32'
Event: 170.991 Thread 0x00007f51dc0a1c10 Unloading class 0x0000000801003400 'jdk/internal/reflect/GeneratedSerializationConstructorAccessor31'
Event: 170.991 Thread 0x00007f51dc0a1c10 Unloading class 0x0000000801003000 'jdk/internal/reflect/GeneratedSerializationConstructorAccessor30'
Event: 173.644 Thread 0x00007f51dc0a1c10 Unloading class 0x0000000800e0b000 'jdk/internal/reflect/GeneratedMethodAccessor8'
Event: 176.273 Thread 0x00007f51dc0a1c10 Unloading class 0x0000000801091400 'jdk/internal/reflect/GeneratedMethodAccessor12'
Event: 176.273 Thread 0x00007f51dc0a1c10 Unloading class 0x0000000801091000 'jdk/internal/reflect/GeneratedMethodAccessor11'
Event: 176.273 Thread 0x00007f51dc0a1c10 Unloading class 0x0000000801084400 'jdk/internal/reflect/GeneratedMethodAccessor10'
Event: 176.273 Thread 0x00007f51dc0a1c10 Unloading class 0x0000000801084000 'jdk/internal/reflect/GeneratedMethodAccessor9'
Event: 179.150 Thread 0x00007f51dc0a1c10 Unloading class 0x0000000801008800 'jdk/internal/reflect/GeneratedConstructorAccessor14'
Event: 181.289 Thread 0x00007f51dc0a1c10 Unloading class 0x0000000800e0a000 'jdk/internal/reflect/GeneratedMethodAccessor7'
Event: 185.307 Thread 0x00007f51dc0a1c10 Unloading class 0x0000000801181400 'jdk/internal/reflect/GeneratedConstructorAccessor29'
Event: 187.310 Thread 0x00007f51dc0a1c10 Unloading class 0x0000000801181000 'jdk/internal/reflect/GeneratedConstructorAccessor28'

Classes redefined (0 events):
No events

Internal exceptions (20 events):
Event: 32.895 Thread 0x00007f51600010d0 Exception <a 'java/io/FileNotFoundException'{0x00000000f5fcbf80}> (0x00000000f5fcbf80) 
thrown [src/hotspot/share/prims/jni.cpp, line 516]
Event: 32.895 Thread 0x00007f51600010d0 Exception <a 'java/io/FileNotFoundException'{0x00000000f5fcd1d8}> (0x00000000f5fcd1d8) 
thrown [src/hotspot/share/prims/jni.cpp, line 516]
Event: 34.883 Thread 0x00007f51744abfa0 Implicit null exception at 0x00007f51cb0daea2 to 0x00007f51cb0db22c
Event: 35.369 Thread 0x00007f51744abfa0 Implicit null exception at 0x00007f51cb0939e9 to 0x00007f51cb093b9b
Event: 39.772 Thread 0x00007f5164000ff0 Exception <a 'java/lang/NoSuchMethodError'{0x00000000f6084be8}: 'java.lang.Object java.lang.invoke.DirectMethodHandle$Holder.invokeStatic(java.lang.Object, java.lang.Object, int, java.lang.Object)'> (0x00000000f6084be8) 
thrown [src/hotspot/share/interpreter/linkResolver.cpp, line 758]
Event: 39.781 Thread 0x00007f5164000ff0 Exception <a 'java/lang/NoSuchMethodError'{0x00000000f60aa720}: 'java.lang.Object java.lang.invoke.DirectMethodHandle$Holder.newInvokeSpecial(java.lang.Object, java.lang.Object, int)'> (0x00000000f60aa720) 
thrown [src/hotspot/share/interpreter/linkResolver.cpp, line 758]
Event: 41.168 Thread 0x00007f515418f710 Exception <a 'java/io/FileNotFoundException'{0x00000000f57c7f70}> (0x00000000f57c7f70) 
thrown [src/hotspot/share/prims/jni.cpp, line 516]
Event: 41.284 Thread 0x00007f515418f710 Exception <a 'java/lang/NoSuchMethodError'{0x00000000f595bdb0}: 'void java.lang.invoke.DirectMethodHandle$Holder.invokeVirtual(java.lang.Object, java.lang.Object)'> (0x00000000f595bdb0) 
thrown [src/hotspot/share/interpreter/linkResolver.cpp, line 758]
Event: 41.681 Thread 0x00007f515418e980 Exception <a 'java/lang/NoSuchMethodError'{0x00000000f5af1ed0}: 'java.lang.Object java.lang.invoke.DirectMethodHandle$Holder.invokeStatic(java.lang.Object, int, java.lang.Object, java.lang.Object, java.lang.Object, java.lang.Object)'> (0x00000000f5af1ed0) 
thrown [src/hotspot/share/interpreter/linkResolver.cpp, line 758]
Event: 41.694 Thread 0x00007f515418e980 Exception <a 'java/lang/NoSuchMethodError'{0x00000000f5afa3f0}: 'java.lang.Object java.lang.invoke.DirectMethodHandle$Holder.newInvokeSpecial(java.lang.Object, int, java.lang.Object, java.lang.Object, java.lang.Object)'> (0x00000000f5afa3f0) 
thrown [src/hotspot/share/interpreter/linkResolver.cpp, line 758]
Event: 41.696 Thread 0x00007f515418f710 Implicit null exception at 0x00007f51cb141833 to 0x00007f51cb141ba4
Event: 42.364 Thread 0x00007f515418e980 Exception <a 'java/lang/NoSuchMethodError'{0x00000000f6a49230}: 'void java.lang.invoke.DirectMethodHandle$Holder.invokeSpecial(java.lang.Object, java.lang.Object, int)'> (0x00000000f6a49230) 
thrown [src/hotspot/share/interpreter/linkResolver.cpp, line 758]
Event: 42.822 Thread 0x00007f515418f710 Exception <a 'java/lang/NoSuchMethodError'{0x00000000f5d54698}: 'java.lang.Object java.lang.invoke.DirectMethodHandle$Holder.newInvokeSpecial(java.lang.Object, java.lang.Object, int, java.lang.Object, java.lang.Object, java.lang.Object, java.lang.Object)'> (0x00000000f5d54698) 
thrown [src/hotspot/share/interpreter/linkResolver.cpp, line 758]
Event: 43.328 Thread 0x00007f515418f710 Exception <a 'java/lang/NoSuchMethodError'{0x00000000f62807d0}: 'int java.lang.invoke.DirectMethodHandle$Holder.invokeSpecial(java.lang.Object, java.lang.Object, java.lang.Object)'> (0x00000000f62807d0) 
thrown [src/hotspot/share/interpreter/linkResolver.cpp, line 758]
Event: 43.328 Thread 0x00007f515418e980 Exception <a 'java/lang/NoSuchMethodError'{0x00000000f626a130}: 'int java.lang.invoke.DirectMethodHandle$Holder.invokeSpecial(java.lang.Object, java.lang.Object, java.lang.Object)'> (0x00000000f626a130) 
thrown [src/hotspot/share/interpreter/linkResolver.cpp, line 758]
Event: 43.705 Thread 0x00007f515418e980 Exception <a 'java/lang/NoSuchMethodError'{0x00000000f67ae438}: 'int java.lang.invoke.DirectMethodHandle$Holder.invokeSpecialIFC(java.lang.Object, java.lang.Object, java.lang.Object, java.lang.Object)'> (0x00000000f67ae438) 
thrown [src/hotspot/share/interpreter/linkResolver.cpp, line 758]
Event: 58.786 Thread 0x00007f517464cfe0 Implicit null exception at 0x00007f51cb1a3c86 to 0x00007f51cb1a6cd9
Event: 696.821 Thread 0x00007f51dc4572b0 Exception <a 'java/lang/OutOfMemoryError'{0x00000000e00ce0e8}> (0x00000000e00ce0e8) 
thrown [src/hotspot/share/gc/shared/memAllocator.cpp, line 136]
Event: 721.010 Thread 0x00007f51dc4572b0 Exception <a 'java/lang/reflect/InvocationTargetException'{0x00000000f557dbf0}> (0x00000000f557dbf0) 
thrown [src/hotspot/share/runtime/reflection.cpp, line 1119]
Event: 730.564 Thread 0x00007f51dc0b21d0 Exception <a 'java/lang/OutOfMemoryError'{0x00000000e00ce3b8}> (0x00000000e00ce3b8) 
thrown [src/hotspot/share/gc/shared/memAllocator.cpp, line 136]

VM Operations (20 events):
Event: 715.768 Executing VM operation: ParallelGCFailedAllocation
Event: 717.078 Executing VM operation: ParallelGCFailedAllocation done
Event: 717.079 Executing VM operation: ParallelGCFailedAllocation
Event: 718.457 Executing VM operation: ParallelGCFailedAllocation done
Event: 718.458 Executing VM operation: ParallelGCFailedAllocation
Event: 719.703 Executing VM operation: ParallelGCFailedAllocation done
Event: 719.703 Executing VM operation: ParallelGCFailedAllocation
Event: 721.010 Executing VM operation: ParallelGCFailedAllocation done
Event: 721.010 Executing VM operation: ParallelGCFailedAllocation
Event: 722.582 Executing VM operation: ParallelGCFailedAllocation done
Event: 722.586 Executing VM operation: ParallelGCFailedAllocation
Event: 723.935 Executing VM operation: ParallelGCFailedAllocation done
Event: 723.935 Executing VM operation: ParallelGCFailedAllocation
Event: 725.208 Executing VM operation: ParallelGCFailedAllocation done
Event: 725.211 Executing VM operation: ParallelGCFailedAllocation
Event: 726.410 Executing VM operation: ParallelGCFailedAllocation done
Event: 726.410 Executing VM operation: ParallelGCFailedAllocation
Event: 727.772 Executing VM operation: ParallelGCFailedAllocation done
Event: 727.772 Executing VM operation: ParallelGCFailedAllocation
Event: 730.564 Executing VM operation: ParallelGCFailedAllocation done

Events (20 events):
Event: 60.383 Thread 0x00007f51dc0b4b30 flushing nmethod 0x00007f51c4816a90
Event: 60.383 Thread 0x00007f51dc0b4b30 flushing nmethod 0x00007f51c4827590
Event: 60.383 Thread 0x00007f51dc0b4b30 flushing nmethod 0x00007f51c4827990
Event: 60.383 Thread 0x00007f51dc0b4b30 flushing nmethod 0x00007f51c482be10
Event: 60.383 Thread 0x00007f51dc0b4b30 flushing nmethod 0x00007f51c482e790
Event: 60.383 Thread 0x00007f51dc0b4b30 flushing nmethod 0x00007f51c482ef90
Event: 60.383 Thread 0x00007f51dc0b4b30 flushing nmethod 0x00007f51c483fb90
Event: 60.384 Thread 0x00007f51dc0b4b30 flushing nmethod 0x00007f51c485c710
Event: 60.384 Thread 0x00007f51dc0b4b30 flushing nmethod 0x00007f51c4874990
Event: 60.384 Thread 0x00007f51dc0b4b30 flushing nmethod 0x00007f51c487ec90
Event: 60.384 Thread 0x00007f51dc0b4b30 flushing nmethod 0x00007f51c487f490
Event: 62.406 Thread 0x00007f51dc21f7b0 Thread exited: 0x00007f51dc21f7b0
Event: 174.736 Thread 0x00007f5160010e40 Thread exited: 0x00007f5160010e40
Event: 177.926 Thread 0x00007f516028ef50 Thread exited: 0x00007f516028ef50
Event: 620.324 loading class java/util/concurrent/ForkJoinTask$AdaptedCallable
Event: 620.324 loading class java/util/concurrent/ForkJoinTask$AdaptedCallable done
Event: 650.631 loading class java/util/concurrent/ForkJoinPool$DefaultForkJoinWorkerThreadFactory$1
Event: 650.631 loading class java/util/concurrent/ForkJoinPool$DefaultForkJoinWorkerThreadFactory$1 done
Event: 668.351 Thread 0x00007f516028ef20 Thread added: 0x00007f516028ef20
Event: 668.351 Protecting memory [0x00007f518a300000,0x00007f518a304000] with protection modes 0


Dynamic libraries:
e0000000-f5580000 rw-p 00000000 00:00 0 
f5580000-f9c80000 rw-p 00000000 00:00 0 
f9c80000-100000000 ---p 00000000 00:00 0 
800000000-800449000 rw-p 00001000 00:16d4 4611686019135357769            /nix/store/gpxl5qgg8kicmcvivwmybwjlpf7wh20l-graalvm17-ce-22.3.0/lib/server/classes.jsa
800449000-800bc8000 r--p 0044a000 00:16d4 4611686019135357769            /nix/store/gpxl5qgg8kicmcvivwmybwjlpf7wh20l-graalvm17-ce-22.3.0/lib/server/classes.jsa
800bc8000-800c00000 ---p 00000000 00:00 0 
800c00000-800c20000 rw-p 00000000 00:00 0 
800c20000-800c40000 rw-p 00000000 00:00 0 
800c40000-800cc0000 rw-p 00000000 00:00 0 
800cc0000-800d00000 rw-p 00000000 00:00 0 
800d00000-800dc0000 rw-p 00000000 00:00 0 
800dc0000-800e00000 rw-p 00000000 00:00 0 
800e00000-801170000 rw-p 00000000 00:00 0 
801170000-801180000 ---p 00000000 00:00 0 
801180000-801190000 rw-p 00000000 00:00 0 
801190000-840c00000 ---p 00000000 00:00 0 
562581755000-562581756000 r-xp 00000000 00:16d4 4611686019099417844      /nix/store/gpxl5qgg8kicmcvivwmybwjlpf7wh20l-graalvm17-ce-22.3.0/bin/.java-wrapped
562581757000-562581758000 r--p 00001000 00:16d4 4611686019099417844      /nix/store/gpxl5qgg8kicmcvivwmybwjlpf7wh20l-graalvm17-ce-22.3.0/bin/.java-wrapped
562581758000-562581759000 rw-p 00002000 00:16d4 4611686019099417844      /nix/store/gpxl5qgg8kicmcvivwmybwjlpf7wh20l-graalvm17-ce-22.3.0/bin/.java-wrapped
562581759000-56258175a000 rw-p 00004000 00:16d4 4611686019099417844      /nix/store/gpxl5qgg8kicmcvivwmybwjlpf7wh20l-graalvm17-ce-22.3.0/bin/.java-wrapped
56258175a000-56258175b000 rw-p 00005000 00:16d4 4611686019099417844      /nix/store/gpxl5qgg8kicmcvivwmybwjlpf7wh20l-graalvm17-ce-22.3.0/bin/.java-wrapped
562582201000-562582249000 rw-p 00000000 00:00 0                          [heap]
7f5130000000-7f51300bb000 rw-p 00000000 00:00 0 
7f51300bb000-7f5134000000 ---p 00000000 00:00 0 
7f5134000000-7f5134115000 rw-p 00000000 00:00 0 
7f5134115000-7f5138000000 ---p 00000000 00:00 0 
7f5138000000-7f51380bc000 rw-p 00000000 00:00 0 
7f51380bc000-7f513c000000 ---p 00000000 00:00 0 
7f513e4b3000-7f5148000000 r--s 00000000 00:16d4 4611686019135192581      /nix/store/gpxl5qgg8kicmcvivwmybwjlpf7wh20l-graalvm17-ce-22.3.0/lib/modules
7f5148000000-7f514802a000 rw-p 00000000 00:00 0 
7f514802a000-7f514c000000 ---p 00000000 00:00 0 
7f514c000000-7f514c021000 rw-p 00000000 00:00 0 
7f514c021000-7f5150000000 ---p 00000000 00:00 0 
7f5150000000-7f5150021000 rw-p 00000000 00:00 0 
7f5150021000-7f5154000000 ---p 00000000 00:00 0 
7f5154000000-7f51541b0000 rw-p 00000000 00:00 0 
7f51541b0000-7f5158000000 ---p 00000000 00:00 0 
7f5158000000-7f515832c000 rw-p 00000000 00:00 0 
7f515832c000-7f515c000000 ---p 00000000 00:00 0 
7f515c000000-7f515c021000 rw-p 00000000 00:00 0 
7f515c021000-7f5160000000 ---p 00000000 00:00 0 
7f5160000000-7f51603ad000 rw-p 00000000 00:00 0 
7f51603ad000-7f5164000000 ---p 00000000 00:00 0 
7f5164000000-7f516417a000 rw-p 00000000 00:00 0 
7f516417a000-7f5168000000 ---p 00000000 00:00 0 
7f5168000000-7f5168021000 rw-p 00000000 00:00 0 
7f5168021000-7f516c000000 ---p 00000000 00:00 0 
7f516c000000-7f516c021000 rw-p 00000000 00:00 0 
7f516c021000-7f5170000000 ---p 00000000 00:00 0 
7f5170000000-7f5170021000 rw-p 00000000 00:00 0 
7f5170021000-7f5174000000 ---p 00000000 00:00 0 
7f5174000000-7f517491e000 rw-p 00000000 00:00 0 
7f517491e000-7f5178000000 ---p 00000000 00:00 0 
7f5178000000-7f51785e0000 rw-p 00000000 00:00 0 
7f51785e0000-7f5178600000 rw-p 00000000 00:00 0 
7f5178600000-7f5178740000 rw-p 00000000 00:00 0 
7f5178740000-7f5178770000 rw-p 00000000 00:00 0 
7f5178770000-7f5178800000 ---p 00000000 00:00 0 
7f5178c00000-7f5178f80000 rw-p 00000000 00:00 0 
7f5178f80000-7f5179000000 rw-p 00000000 00:00 0 
7f5179000000-7f5179400000 rw-p 00000000 00:00 0 
7f5179400000-7f5179c00000 rw-p 00000000 00:00 0 
7f517a000000-7f517a100000 rw-p 00000000 00:00 0 
7f517a100000-7f517a200000 rw-p 00000000 00:00 0 
7f517a200000-7f517a5e0000 rw-p 00000000 00:00 0 
7f517a5e0000-7f517a600000 rw-p 00000000 00:00 0 
7f517a600000-7f517a700000 rw-p 00000000 00:00 0 
7f517a700000-7f517a800000 rw-p 00000000 00:00 0 
7f517b400000-7f517b500000 rw-p 00000000 00:00 0 
7f517b500000-7f517b600000 rw-p 00000000 00:00 0 
7f517b600000-7f517bb80000 rw-p 00000000 00:00 0 
7f517bb80000-7f517bc00000 rw-p 00000000 00:00 0 
7f517bc00000-7f517bc10000 r-xp 00000000 00:16d1 358                      /home/runner/.cache/jdt-language-server/config/org.eclipse.equinox.launcher/org.eclipse.equinox.launcher.gtk.linux.x86_64_1.2.400.v20211117-0650/eclipse_11600.so
7f517bc10000-7f517be0f000 ---p 00010000 00:16d1 358                      /home/runner/.cache/jdt-language-server/config/org.eclipse.equinox.launcher/org.eclipse.equinox.launcher.gtk.linux.x86_64_1.2.400.v20211117-0650/eclipse_11600.so
7f517be0f000-7f517be10000 r--p 0000f000 00:16d1 358                      /home/runner/.cache/jdt-language-server/config/org.eclipse.equinox.launcher/org.eclipse.equinox.launcher.gtk.linux.x86_64_1.2.400.v20211117-0650/eclipse_11600.so
7f517be10000-7f517be11000 rw-p 00010000 00:16d1 358                      /home/runner/.cache/jdt-language-server/config/org.eclipse.equinox.launcher/org.eclipse.equinox.launcher.gtk.linux.x86_64_1.2.400.v20211117-0650/eclipse_11600.so
7f517c000000-7f517c021000 rw-p 00000000 00:00 0 
7f517c021000-7f5180000000 ---p 00000000 00:00 0 
7f5180000000-7f5180021000 rw-p 00000000 00:00 0 
7f5180021000-7f5184000000 ---p 00000000 00:00 0 
7f5184000000-7f5184021000 rw-p 00000000 00:00 0 
7f5184021000-7f5188000000 ---p 00000000 00:00 0 
7f5188b00000-7f5188c00000 ---p 00000000 00:00 0 
7f5188c00000-7f51891af000 r--p 01122000 00:16d4 4611686019135190040      /nix/store/gpxl5qgg8kicmcvivwmybwjlpf7wh20l-graalvm17-ce-22.3.0/lib/libjvmcicompiler.so
7f51891af000-7f5189300000 r--p 00000000 00:00 0 
7f5189300000-7f518933d000 rw-p 00000000 00:00 0 
7f518933d000-7f518985d000 rw-p 0185f000 00:16d4 4611686019135190040      /nix/store/gpxl5qgg8kicmcvivwmybwjlpf7wh20l-graalvm17-ce-22.3.0/lib/libjvmcicompiler.so
7f518985d000-7f5189c44000 r--p 01d7f000 00:16d4 4611686019135190040      /nix/store/gpxl5qgg8kicmcvivwmybwjlpf7wh20l-graalvm17-ce-22.3.0/lib/libjvmcicompiler.so
7f5189d00000-7f5189d04000 ---p 00000000 00:00 0 
7f5189d04000-7f5189e00000 rw-p 00000000 00:00 0 
7f5189f00000-7f5189f04000 ---p 00000000 00:00 0 
7f5189f04000-7f518a000000 rw-p 00000000 00:00 0 
7f518a100000-7f518a104000 ---p 00000000 00:00 0 
7f518a104000-7f518a200000 rw-p 00000000 00:00 0 
7f518a300000-7f518a304000 ---p 00000000 00:00 0 
7f518a304000-7f518a400000 rw-p 00000000 00:00 0 
7f518a500000-7f518a504000 ---p 00000000 00:00 0 
7f518a504000-7f518a600000 rw-p 00000000 00:00 0 
7f518a700000-7f518a704000 ---p 00000000 00:00 0 
7f518a704000-7f518a800000 rw-p 00000000 00:00 0 
7f518a800000-7f518a804000 ---p 00000000 00:00 0 
7f518a804000-7f518a900000 rw-p 00000000 00:00 0 
7f518a900000-7f518a904000 ---p 00000000 00:00 0 
7f518a904000-7f518aa00000 rw-p 00000000 00:00 0 
7f518ab00000-7f518ab04000 ---p 00000000 00:00 0 
7f518ab04000-7f518ac00000 rw-p 00000000 00:00 0 
7f518ad00000-7f518ad04000 ---p 00000000 00:00 0 
7f518ad04000-7f518ae00000 rw-p 00000000 00:00 0 
7f518ba68000-7f518bf00000 rw-p 00000000 00:00 0 
7f518c000000-7f518c021000 rw-p 00000000 00:00 0 
7f518c021000-7f5190000000 ---p 00000000 00:00 0 
7f5190000000-7f5190021000 rw-p 00000000 00:00 0 
7f5190021000-7f5194000000 ---p 00000000 00:00 0 
7f5194000000-7f5194069000 rw-p 00000000 00:00 0 
7f5194069000-7f5198000000 ---p 00000000 00:00 0 
7f5198000000-7f5198021000 rw-p 00000000 00:00 0 
7f5198021000-7f519c000000 ---p 00000000 00:00 0 
7f519c000000-7f519c0d5000 rw-p 00000000 00:00 0 
7f519c0d5000-7f51a0000000 ---p 00000000 00:00 0 
7f51a0000000-7f51a0a12000 rw-p 00000000 00:00 0 
7f51a0a12000-7f51a4000000 ---p 00000000 00:00 0 
7f51a4000000-7f51a4021000 rw-p 00000000 00:00 0 
7f51a4021000-7f51a8000000 ---p 00000000 00:00 0 
7f51a8000000-7f51a8021000 rw-p 00000000 00:00 0 
7f51a8021000-7f51ac000000 ---p 00000000 00:00 0 
7f51ac000000-7f51ac021000 rw-p 00000000 00:00 0 
7f51ac021000-7f51b0000000 ---p 00000000 00:00 0 
7f51b0000000-7f51b0021000 rw-p 00000000 00:00 0 
7f51b0021000-7f51b4000000 ---p 00000000 00:00 0 
7f51b4000000-7f51b4021000 rw-p 00000000 00:00 0 
7f51b4021000-7f51b8000000 ---p 00000000 00:00 0 
7f51b8000000-7f51b8021000 rw-p 00000000 00:00 0 
7f51b8021000-7f51bc000000 ---p 00000000 00:00 0 
7f51bc000000-7f51bc041000 rw-p 00000000 00:00 0 
7f51bc041000-7f51c0000000 ---p 00000000 00:00 0 
7f51c0100000-7f51c0104000 ---p 00000000 00:00 0 
7f51c0104000-7f51c0200000 rw-p 00000000 00:00 0 
7f51c0200000-7f51c0204000 ---p 00000000 00:00 0 
7f51c0204000-7f51c0300000 rw-p 00000000 00:00 0 
7f51c0300000-7f51c0304000 ---p 00000000 00:00 0 
7f51c0304000-7f51c0400000 rw-p 00000000 00:00 0 
7f51c0400000-7f51c0404000 ---p 00000000 00:00 0 
7f51c0404000-7f51c0500000 rw-p 00000000 00:00 0 
7f51c0500000-7f51c0504000 ---p 00000000 00:00 0 
7f51c0504000-7f51c0600000 rw-p 00000000 00:00 0 
7f51c0700000-7f51c0704000 ---p 00000000 00:00 0 
7f51c0704000-7f51c0800000 rw-p 00000000 00:00 0 
7f51c0900000-7f51c0904000 ---p 00000000 00:00 0 
7f51c0904000-7f51c0a00000 rw-p 00000000 00:00 0 
7f51c0a00000-7f51c2b6a000 r-xp 00000000 00:16d4 4611686019135190040      /nix/store/gpxl5qgg8kicmcvivwmybwjlpf7wh20l-graalvm17-ce-22.3.0/lib/libjvmcicompiler.so
7f51c2b6a000-7f51c2d69000 ---p 0216a000 00:16d4 4611686019135190040      /nix/store/gpxl5qgg8kicmcvivwmybwjlpf7wh20l-graalvm17-ce-22.3.0/lib/libjvmcicompiler.so
7f51c2d69000-7f51c2d6a000 r--p 02169000 00:16d4 4611686019135190040      /nix/store/gpxl5qgg8kicmcvivwmybwjlpf7wh20l-graalvm17-ce-22.3.0/lib/libjvmcicompiler.so
7f51c2d6a000-7f51c2d6c000 rw-p 0216a000 00:16d4 4611686019135190040      /nix/store/gpxl5qgg8kicmcvivwmybwjlpf7wh20l-graalvm17-ce-22.3.0/lib/libjvmcicompiler.so
7f51c2d6c000-7f51c2d6d000 rw-p 00000000 00:00 0 
7f51c2d6d000-7f51c2d72000 rw-p 023c3000 00:16d4 4611686019135190040      /nix/store/gpxl5qgg8kicmcvivwmybwjlpf7wh20l-graalvm17-ce-22.3.0/lib/libjvmcicompiler.so
7f51c2db1000-7f51c2db2000 ---p 00000000 00:00 0 
7f51c2db2000-7f51c2eb3000 rw-p 00000000 00:00 0 
7f51c2eb3000-7f51c2eb7000 ---p 00000000 00:00 0 
7f51c2eb7000-7f51c2fb3000 rw-p 00000000 00:00 0 
7f51c2fb3000-7f51c2fb7000 ---p 00000000 00:00 0 
7f51c2fb7000-7f51c30b3000 rw-p 00000000 00:00 0 
7f51c30b3000-7f51c30b7000 ---p 00000000 00:00 0 
7f51c30b7000-7f51c32b3000 rw-p 00000000 00:00 0 
7f51c32b3000-7f51c32b7000 ---p 00000000 00:00 0 
7f51c32b7000-7f51c34b3000 rw-p 00000000 00:00 0 
7f51c34b3000-7f51c3723000 rwxp 00000000 00:00 0 
7f51c3723000-7f51c3a42000 ---p 00000000 00:00 0 
7f51c3a42000-7f51c48b2000 rwxp 00000000 00:00 0 
7f51c48b2000-7f51caf7a000 ---p 00000000 00:00 0 
7f51caf7a000-7f51cb21a000 rwxp 00000000 00:00 0 
7f51cb21a000-7f51d24b3000 ---p 00000000 00:00 0 
7f51d24b3000-7f51dc000000 r--s 00000000 00:16d4 4611686019135192581      /nix/store/gpxl5qgg8kicmcvivwmybwjlpf7wh20l-graalvm17-ce-22.3.0/lib/modules
7f51dc000000-7f51dc45c000 rw-p 00000000 00:00 0 
7f51dc45c000-7f51e0000000 ---p 00000000 00:00 0 
7f51e001a000-7f51e001e000 ---p 00000000 00:00 0 
7f51e001e000-7f51e011a000 rw-p 00000000 00:00 0 
7f51e011a000-7f51e011e000 ---p 00000000 00:00 0 
7f51e011e000-7f51e021a000 rw-p 00000000 00:00 0 
7f51e021a000-7f51e021e000 ---p 00000000 00:00 0 
7f51e021e000-7f51e031a000 rw-p 00000000 00:00 0 
7f51e031a000-7f51e031e000 ---p 00000000 00:00 0 
7f51e031e000-7f51e041a000 rw-p 00000000 00:00 0 
7f51e041a000-7f51e0700000 r--p 00000000 00:15b6 28444448                 /usr/lib/locale/locale-archive
7f51e0700000-7f51e0704000 ---p 00000000 00:00 0 
7f51e0704000-7f51e0c00000 rw-p 00000000 00:00 0 
7f51e0c00000-7f51e0ec0000 rw-p 00000000 00:00 0 
7f51e0ec0000-7f51e0f00000 rw-p 00000000 00:00 0 
7f51e0f00000-7f51e1000000 rw-p 00000000 00:00 0 
7f51e1078000-7f51e107c000 ---p 00000000 00:00 0 
7f51e107c000-7f51e109a000 rw-p 00000000 00:00 0 
7f51e109a000-7f51e10a1000 r-xp 00000000 00:16d4 4611686019135192580      /nix/store/gpxl5qgg8kicmcvivwmybwjlpf7wh20l-graalvm17-ce-22.3.0/lib/libzip.so
7f51e10a1000-7f51e10a2000 ---p 00007000 00:16d4 4611686019135192580      /nix/store/gpxl5qgg8kicmcvivwmybwjlpf7wh20l-graalvm17-ce-22.3.0/lib/libzip.so
7f51e10a2000-7f51e10a3000 r--p 00007000 00:16d4 4611686019135192580      /nix/store/gpxl5qgg8kicmcvivwmybwjlpf7wh20l-graalvm17-ce-22.3.0/lib/libzip.so
7f51e10a3000-7f51e10a4000 rw-p 00008000 00:16d4 4611686019135192580      /nix/store/gpxl5qgg8kicmcvivwmybwjlpf7wh20l-graalvm17-ce-22.3.0/lib/libzip.so
7f51e10a4000-7f51e10a6000 rw-p 0000b000 00:16d4 4611686019135192580      /nix/store/gpxl5qgg8kicmcvivwmybwjlpf7wh20l-graalvm17-ce-22.3.0/lib/libzip.so
7f51e10a6000-7f51e10bb000 r-xp 00000000 00:16d4 4611686019135192570      /nix/store/gpxl5qgg8kicmcvivwmybwjlpf7wh20l-graalvm17-ce-22.3.0/lib/libnet.so
7f51e10bb000-7f51e10bc000 ---p 00015000 00:16d4 4611686019135192570      /nix/store/gpxl5qgg8kicmcvivwmybwjlpf7wh20l-graalvm17-ce-22.3.0/lib/libnet.so
7f51e10bc000-7f51e10bd000 r--p 00015000 00:16d4 4611686019135192570      /nix/store/gpxl5qgg8kicmcvivwmybwjlpf7wh20l-graalvm17-ce-22.3.0/lib/libnet.so
7f51e10bd000-7f51e10be000 rw-p 00016000 00:16d4 4611686019135192570      /nix/store/gpxl5qgg8kicmcvivwmybwjlpf7wh20l-graalvm17-ce-22.3.0/lib/libnet.so
7f51e10be000-7f51e10c1000 rw-p 0001b000 00:16d4 4611686019135192570      /nix/store/gpxl5qgg8kicmcvivwmybwjlpf7wh20l-graalvm17-ce-22.3.0/lib/libnet.so
7f51e10c1000-7f51e10d4000 r-xp 00000000 00:16d4 4611686019135192571      /nix/store/gpxl5qgg8kicmcvivwmybwjlpf7wh20l-graalvm17-ce-22.3.0/lib/libnio.so
7f51e10d4000-7f51e10d5000 r--p 00012000 00:16d4 4611686019135192571      /nix/store/gpxl5qgg8kicmcvivwmybwjlpf7wh20l-graalvm17-ce-22.3.0/lib/libnio.so
7f51e10d5000-7f51e10d6000 rw-p 00013000 00:16d4 4611686019135192571      /nix/store/gpxl5qgg8kicmcvivwmybwjlpf7wh20l-graalvm17-ce-22.3.0/lib/libnio.so
7f51e10d6000-7f51e10db000 rw-p 00019000 00:16d4 4611686019135192571      /nix/store/gpxl5qgg8kicmcvivwmybwjlpf7wh20l-graalvm17-ce-22.3.0/lib/libnio.so
7f51e10db000-7f51e10df000 ---p 00000000 00:00 0 
7f51e10df000-7f51e11db000 rw-p 00000000 00:00 0 
7f51e11db000-7f51e11dc000 ---p 00000000 00:00 0 
7f51e11dc000-7f51e12dd000 rw-p 00000000 00:00 0 
7f51e12dd000-7f51e13ab000 r-xp 00000000 00:16d4 4611686019135190036      /nix/store/gpxl5qgg8kicmcvivwmybwjlpf7wh20l-graalvm17-ce-22.3.0/lib/libjsvml.so
7f51e13ab000-7f51e13ac000 r--p 000cd000 00:16d4 4611686019135190036      /nix/store/gpxl5qgg8kicmcvivwmybwjlpf7wh20l-graalvm17-ce-22.3.0/lib/libjsvml.so
7f51e13ac000-7f51e13ad000 rw-p 000ce000 00:16d4 4611686019135190036      /nix/store/gpxl5qgg8kicmcvivwmybwjlpf7wh20l-graalvm17-ce-22.3.0/lib/libjsvml.so
7f51e13ad000-7f51e2c85000 rw-p 00000000 00:00 0 
7f51e2c85000-7f51e2c86000 ---p 00000000 00:00 0 
7f51e2c86000-7f51e2e31000 rw-p 00000000 00:00 0 
7f51e2e31000-7f51e2e56000 rw-p 00000000 00:00 0 
7f51e2e56000-7f51e2e87000 ---p 00000000 00:00 0 
7f51e2e87000-7f51e2e8e000 rw-p 00000000 00:00 0 
7f51e2e8e000-7f51e2f73000 ---p 00000000 00:00 0 
7f51e2f73000-7f51e2f90000 rw-p 00000000 00:00 0 
7f51e2f90000-7f51e305e000 ---p 00000000 00:00 0 
7f51e305e000-7f51e3063000 rw-p 00000000 00:00 0 
7f51e3063000-7f51e306a000 ---p 00000000 00:00 0 
7f51e306a000-7f51e308e000 r-xp 00000000 00:16d4 4611686019135190028      /nix/store/gpxl5qgg8kicmcvivwmybwjlpf7wh20l-graalvm17-ce-22.3.0/lib/libjava.so
7f51e308e000-7f51e308f000 ---p 00024000 00:16d4 4611686019135190028      /nix/store/gpxl5qgg8kicmcvivwmybwjlpf7wh20l-graalvm17-ce-22.3.0/lib/libjava.so
7f51e308f000-7f51e3090000 r--p 00024000 00:16d4 4611686019135190028      /nix/store/gpxl5qgg8kicmcvivwmybwjlpf7wh20l-graalvm17-ce-22.3.0/lib/libjava.so
7f51e3090000-7f51e3091000 rw-p 00025000 00:16d4 4611686019135190028      /nix/store/gpxl5qgg8kicmcvivwmybwjlpf7wh20l-graalvm17-ce-22.3.0/lib/libjava.so
7f51e3091000-7f51e3092000 rw-p 00000000 00:00 0 
7f51e3092000-7f51e3099000 rw-p 0002f000 00:16d4 4611686019135190028      /nix/store/gpxl5qgg8kicmcvivwmybwjlpf7wh20l-graalvm17-ce-22.3.0/lib/libjava.so
7f51e3099000-7f51e30a1000 rw-s 00000000 00:1562 653                      /tmp/hsperfdata_runner/234
7f51e30a1000-7f51e30a2000 ---p 00000000 00:00 0 
7f51e30a2000-7f51e30a3000 r--p 00000000 00:00 0 
7f51e30a3000-7f51e30a4000 rwxp 00000000 00:00 0 
7f51e30a4000-7f51e30bf000 r-xp 00000000 00:16d4 4611686019135190032      /nix/store/gpxl5qgg8kicmcvivwmybwjlpf7wh20l-graalvm17-ce-22.3.0/lib/libjimage.so
7f51e30bf000-7f51e30c0000 ---p 0001b000 00:16d4 4611686019135190032      /nix/store/gpxl5qgg8kicmcvivwmybwjlpf7wh20l-graalvm17-ce-22.3.0/lib/libjimage.so
7f51e30c0000-7f51e30c2000 r--p 0001b000 00:16d4 4611686019135190032      /nix/store/gpxl5qgg8kicmcvivwmybwjlpf7wh20l-graalvm17-ce-22.3.0/lib/libjimage.so
7f51e30c2000-7f51e30c3000 rw-p 0001d000 00:16d4 4611686019135190032      /nix/store/gpxl5qgg8kicmcvivwmybwjlpf7wh20l-graalvm17-ce-22.3.0/lib/libjimage.so
7f51e30c3000-7f51e30c4000 rw-p 00024000 00:16d4 4611686019135190032      /nix/store/gpxl5qgg8kicmcvivwmybwjlpf7wh20l-graalvm17-ce-22.3.0/lib/libjimage.so
7f51e30c4000-7f51e30c8000 ---p 00000000 00:00 0 
7f51e30c8000-7f51e31c4000 rw-p 00000000 00:00 0 
7f51e31c4000-7f51e31d2000 r--p 00000000 00:16d4 4611686019027979927      /nix/store/4nlgxhb09sdr51nc9hdm8az5b08vzkgx-glibc-2.35-163/lib/libm.so.6
7f51e31d2000-7f51e3245000 r-xp 0000e000 00:16d4 4611686019027979927      /nix/store/4nlgxhb09sdr51nc9hdm8az5b08vzkgx-glibc-2.35-163/lib/libm.so.6
7f51e3245000-7f51e32a2000 r--p 00081000 00:16d4 4611686019027979927      /nix/store/4nlgxhb09sdr51nc9hdm8az5b08vzkgx-glibc-2.35-163/lib/libm.so.6
7f51e32a2000-7f51e32a3000 r--p 000dd000 00:16d4 4611686019027979927      /nix/store/4nlgxhb09sdr51nc9hdm8az5b08vzkgx-glibc-2.35-163/lib/libm.so.6
7f51e32a3000-7f51e32a4000 rw-p 000de000 00:16d4 4611686019027979927      /nix/store/4nlgxhb09sdr51nc9hdm8az5b08vzkgx-glibc-2.35-163/lib/libm.so.6
7f51e32a4000-7f51e32a5000 r--p 00000000 00:16d4 4611686019027979946      /nix/store/4nlgxhb09sdr51nc9hdm8az5b08vzkgx-glibc-2.35-163/lib/librt.so.1
7f51e32a5000-7f51e32a6000 r-xp 00001000 00:16d4 4611686019027979946      /nix/store/4nlgxhb09sdr51nc9hdm8az5b08vzkgx-glibc-2.35-163/lib/librt.so.1
7f51e32a6000-7f51e32a7000 r--p 00002000 00:16d4 4611686019027979946      /nix/store/4nlgxhb09sdr51nc9hdm8az5b08vzkgx-glibc-2.35-163/lib/librt.so.1
7f51e32a7000-7f51e32a8000 r--p 00002000 00:16d4 4611686019027979946      /nix/store/4nlgxhb09sdr51nc9hdm8az5b08vzkgx-glibc-2.35-163/lib/librt.so.1
7f51e32a8000-7f51e32a9000 rw-p 00003000 00:16d4 4611686019027979946      /nix/store/4nlgxhb09sdr51nc9hdm8az5b08vzkgx-glibc-2.35-163/lib/librt.so.1
7f51e32a9000-7f51e43bc000 r-xp 00000000 00:16d4 4611686019135360866      /nix/store/gpxl5qgg8kicmcvivwmybwjlpf7wh20l-graalvm17-ce-22.3.0/lib/server/libjvm.so
7f51e43bc000-7f51e43bd000 ---p 01113000 00:16d4 4611686019135360866      /nix/store/gpxl5qgg8kicmcvivwmybwjlpf7wh20l-graalvm17-ce-22.3.0/lib/server/libjvm.so
7f51e43bd000-7f51e4472000 r--p 01113000 00:16d4 4611686019135360866      /nix/store/gpxl5qgg8kicmcvivwmybwjlpf7wh20l-graalvm17-ce-22.3.0/lib/server/libjvm.so
7f51e4472000-7f51e44a6000 rw-p 011c8000 00:16d4 4611686019135360866      /nix/store/gpxl5qgg8kicmcvivwmybwjlpf7wh20l-graalvm17-ce-22.3.0/lib/server/libjvm.so
7f51e44a6000-7f51e4502000 rw-p 00000000 00:00 0 
7f51e4502000-7f51e452a000 r--p 00000000 00:16d4 4611686019027979918      /nix/store/4nlgxhb09sdr51nc9hdm8az5b08vzkgx-glibc-2.35-163/lib/libc.so.6
7f51e452a000-7f51e46a0000 r-xp 00028000 00:16d4 4611686019027979918      /nix/store/4nlgxhb09sdr51nc9hdm8az5b08vzkgx-glibc-2.35-163/lib/libc.so.6
7f51e46a0000-7f51e46f8000 r--p 0019e000 00:16d4 4611686019027979918      /nix/store/4nlgxhb09sdr51nc9hdm8az5b08vzkgx-glibc-2.35-163/lib/libc.so.6
7f51e46f8000-7f51e46fc000 r--p 001f6000 00:16d4 4611686019027979918      /nix/store/4nlgxhb09sdr51nc9hdm8az5b08vzkgx-glibc-2.35-163/lib/libc.so.6
7f51e46fc000-7f51e46fe000 rw-p 001fa000 00:16d4 4611686019027979918      /nix/store/4nlgxhb09sdr51nc9hdm8az5b08vzkgx-glibc-2.35-163/lib/libc.so.6
7f51e46fe000-7f51e470d000 rw-p 00000000 00:00 0 
7f51e470d000-7f51e470e000 r--p 00000000 00:16d4 4611686019027979923      /nix/store/4nlgxhb09sdr51nc9hdm8az5b08vzkgx-glibc-2.35-163/lib/libdl.so.2
7f51e470e000-7f51e470f000 r-xp 00001000 00:16d4 4611686019027979923      /nix/store/4nlgxhb09sdr51nc9hdm8az5b08vzkgx-glibc-2.35-163/lib/libdl.so.2
7f51e470f000-7f51e4710000 r--p 00002000 00:16d4 4611686019027979923      /nix/store/4nlgxhb09sdr51nc9hdm8az5b08vzkgx-glibc-2.35-163/lib/libdl.so.2
7f51e4710000-7f51e4711000 r--p 00002000 00:16d4 4611686019027979923      /nix/store/4nlgxhb09sdr51nc9hdm8az5b08vzkgx-glibc-2.35-163/lib/libdl.so.2
7f51e4711000-7f51e4712000 rw-p 00003000 00:16d4 4611686019027979923      /nix/store/4nlgxhb09sdr51nc9hdm8az5b08vzkgx-glibc-2.35-163/lib/libdl.so.2
7f51e4712000-7f51e4713000 r--p 00000000 00:16d4 4611686019027979942      /nix/store/4nlgxhb09sdr51nc9hdm8az5b08vzkgx-glibc-2.35-163/lib/libpthread.so.0
7f51e4713000-7f51e4714000 r-xp 00001000 00:16d4 4611686019027979942      /nix/store/4nlgxhb09sdr51nc9hdm8az5b08vzkgx-glibc-2.35-163/lib/libpthread.so.0
7f51e4714000-7f51e4715000 r--p 00002000 00:16d4 4611686019027979942      /nix/store/4nlgxhb09sdr51nc9hdm8az5b08vzkgx-glibc-2.35-163/lib/libpthread.so.0
7f51e4715000-7f51e4716000 r--p 00002000 00:16d4 4611686019027979942      /nix/store/4nlgxhb09sdr51nc9hdm8az5b08vzkgx-glibc-2.35-163/lib/libpthread.so.0
7f51e4716000-7f51e4717000 rw-p 00003000 00:16d4 4611686019027979942      /nix/store/4nlgxhb09sdr51nc9hdm8az5b08vzkgx-glibc-2.35-163/lib/libpthread.so.0
7f51e4717000-7f51e4725000 r-xp 00000000 00:16d4 4611686019135190033      /nix/store/gpxl5qgg8kicmcvivwmybwjlpf7wh20l-graalvm17-ce-22.3.0/lib/libjli.so
7f51e4725000-7f51e4726000 ---p 0000e000 00:16d4 4611686019135190033      /nix/store/gpxl5qgg8kicmcvivwmybwjlpf7wh20l-graalvm17-ce-22.3.0/lib/libjli.so
7f51e4726000-7f51e4727000 r--p 0000e000 00:16d4 4611686019135190033      /nix/store/gpxl5qgg8kicmcvivwmybwjlpf7wh20l-graalvm17-ce-22.3.0/lib/libjli.so
7f51e4727000-7f51e4728000 rw-p 0000f000 00:16d4 4611686019135190033      /nix/store/gpxl5qgg8kicmcvivwmybwjlpf7wh20l-graalvm17-ce-22.3.0/lib/libjli.so
7f51e4728000-7f51e4729000 rw-p 00012000 00:16d4 4611686019135190033      /nix/store/gpxl5qgg8kicmcvivwmybwjlpf7wh20l-graalvm17-ce-22.3.0/lib/libjli.so
7f51e4729000-7f51e472c000 r--p 00000000 00:16d4 4611686019106210071      /nix/store/026hln0aq1hyshaxsdvhg0kmcm6yf45r-zlib-1.2.13/lib/libz.so.1.2.13
7f51e472c000-7f51e473e000 r-xp 00003000 00:16d4 4611686019106210071      /nix/store/026hln0aq1hyshaxsdvhg0kmcm6yf45r-zlib-1.2.13/lib/libz.so.1.2.13
7f51e473e000-7f51e4745000 r--p 00015000 00:16d4 4611686019106210071      /nix/store/026hln0aq1hyshaxsdvhg0kmcm6yf45r-zlib-1.2.13/lib/libz.so.1.2.13
7f51e4745000-7f51e4746000 r--p 0001b000 00:16d4 4611686019106210071      /nix/store/026hln0aq1hyshaxsdvhg0kmcm6yf45r-zlib-1.2.13/lib/libz.so.1.2.13
7f51e4746000-7f51e4747000 rw-p 0001c000 00:16d4 4611686019106210071      /nix/store/026hln0aq1hyshaxsdvhg0kmcm6yf45r-zlib-1.2.13/lib/libz.so.1.2.13
7f51e4747000-7f51e4749000 rw-p 00000000 00:00 0 
7f51e4749000-7f51e474b000 r--p 00000000 00:16d4 4611686019027979912      /nix/store/4nlgxhb09sdr51nc9hdm8az5b08vzkgx-glibc-2.35-163/lib/ld-linux-x86-64.so.2
7f51e474b000-7f51e4772000 r-xp 00002000 00:16d4 4611686019027979912      /nix/store/4nlgxhb09sdr51nc9hdm8az5b08vzkgx-glibc-2.35-163/lib/ld-linux-x86-64.so.2
7f51e4772000-7f51e477e000 r--p 00029000 00:16d4 4611686019027979912      /nix/store/4nlgxhb09sdr51nc9hdm8az5b08vzkgx-glibc-2.35-163/lib/ld-linux-x86-64.so.2
7f51e477e000-7f51e4780000 r--p 00034000 00:16d4 4611686019027979912      /nix/store/4nlgxhb09sdr51nc9hdm8az5b08vzkgx-glibc-2.35-163/lib/ld-linux-x86-64.so.2
7f51e4780000-7f51e4782000 rw-p 00036000 00:16d4 4611686019027979912      /nix/store/4nlgxhb09sdr51nc9hdm8az5b08vzkgx-glibc-2.35-163/lib/ld-linux-x86-64.so.2
7fff2cf0d000-7fff2cf32000 rw-p 00000000 00:00 0                          [stack]
7fff2cfd7000-7fff2cfdb000 r--p 00000000 00:00 0                          [vvar]
7fff2cfdb000-7fff2cfdd000 r-xp 00000000 00:00 0                          [vdso]
ffffffffff600000-ffffffffff601000 --xp 00000000 00:00 0                  [vsyscall]


VM Arguments:
jvm_args: -XX:ThreadPriorityPolicy=1 -XX:+UnlockExperimentalVMOptions -XX:+EnableJVMCIProduct -XX:JVMCIThreadsPerNativeLibraryRuntime=1 -XX:-UnlockExperimentalVMOptions -Declipse.application=org.eclipse.jdt.ls.core.id1 -Dosgi.bundles.defaultStartLevel=4 -Declipse.product=org.eclipse.jdt.ls.core.product -Dlog.level=ALL -Xverify:none -XX:+UseParallelGC -XX:GCTimeRatio=4 -XX:AdaptiveSizePolicyWeight=90 -Dsun.zip.disableMemoryMapping=true -Xmx512m -Xms100m 
java_command: /nix/store/m6gcpi1ii6rghy04cjwjddcavv7i90df-jdt-language-server-1.9.0/share/java/plugins/org.eclipse.equinox.launcher_1.6.400.v20210924-0641.jar --add-modules=ALL-SYSTEM --add-opens java.base/java.util=ALL-UNNAMED --add-opens java.base/java.lang=ALL-UNNAMED -configuration /home/runner/.cache/jdt-language-server/config -data /home/runner/.cache/jdt-language-server/data/home/runner/realCannon
java_class_path (initial): /nix/store/m6gcpi1ii6rghy04cjwjddcavv7i90df-jdt-language-server-1.9.0/share/java/plugins/org.eclipse.equinox.launcher_1.6.400.v20210924-0641.jar
Launcher Type: SUN_STANDARD

[Global flags]
    uintx AdaptiveSizePolicyWeight                 = 90                                        {product} {command line}
     intx CICompilerCount                          = 2                                         {product} {ergonomic}
     bool EnableJVMCIProduct                       = true                                {JVMCI product} {jimage}
    uintx GCTimeRatio                              = 4                                         {product} {command line}
   size_t InitialHeapSize                          = 104857600                                 {product} {command line}
     uint JVMCIThreadsPerNativeLibraryRuntime      = 1                                   {JVMCI product} {jimage}
   size_t MaxHeapSize                              = 536870912                                 {product} {command line}
   size_t MaxNewSize                               = 178782208                                 {product} {ergonomic}
   size_t MinHeapDeltaBytes                        = 524288                                    {product} {ergonomic}
   size_t MinHeapSize                              = 104857600                                 {product} {command line}
   size_t NewSize                                  = 34603008                                  {product} {ergonomic}
    uintx NonNMethodCodeHeapSize                   = 5826188                                {pd product} {ergonomic}
    uintx NonProfiledCodeHeapSize                  = 122916026                              {pd product} {ergonomic}
   size_t OldSize                                  = 70254592                                  {product} {ergonomic}
    uintx ProfiledCodeHeapSize                     = 122916026                              {pd product} {ergonomic}
    uintx ReservedCodeCacheSize                    = 251658240                              {pd product} {ergonomic}
     bool SegmentedCodeCache                       = true                                      {product} {ergonomic}
   size_t SoftMaxHeapSize                          = 536870912                              {manageable} {ergonomic}
     intx ThreadPriorityPolicy                     = 1                                         {product} {jimage}
     bool UseCompressedClassPointers               = true                           {product lp64_product} {ergonomic}
     bool UseCompressedOops                        = true                           {product lp64_product} {ergonomic}
     bool UseParallelGC                            = true                                      {product} {command line}

Logging:
Log output configuration:
 #0: stdout all=warning uptime,level,tags
 #1: stderr all=off uptime,level,tags

Environment Variables:
JAVA_HOME=/nix/store/gpxl5qgg8kicmcvivwmybwjlpf7wh20l-graalvm17-ce-22.3.0
PATH=/nix/store/1d6ian3r8kdzspw8hacjhl3xkp40g1lj-binutils-wrapper-2.39/bin:/nix/store/dq0xwmsk1g0i2ayg6pb7y87na2knzylh-gcc-wrapper-11.3.0/bin:/nix/store/bap4d0lpcrhpwmpb8ayjcgkmvfj62lnq-bash-interactive-5.1-p16/bin:/nix/store/pr5n59mb4jzmfx6kanwxly0l07p861fg-patchelf-0.15.0/bin:/nix/store/1gf2flfqnpqbr1b4p4qz2f72y42bs56r-gcc-11.3.0/bin:/nix/store/57xv61c5zi8pphjbcwxxjlgc34p61ic9-glibc-2.35-163-bin/bin:/nix/store/a7gvj343m05j2s32xcnwr35v31ynlypr-coreutils-9.1/bin:/nix/store/039g378vc3pc3dvi9dzdlrd0i4q93qwf-binutils-2.39/bin:/nix/store/gpxl5qgg8kicmcvivwmybwjlpf7wh20l-graalvm17-ce-22.3.0/bin:/nix/store/6z9ag3ihc8mq2hzsw48lhbznvzny65nz-apache-maven-3.8.6/bin:/nix/store/m6gcpi1ii6rghy04cjwjddcavv7i90df-jdt-language-server-1.9.0/bin:/nix/store/84xs5alhs01zrbr4ywm05kxbjbp5590l-java-debug/bin:/nix/store/mydc6f4k2z73xlcz7ilif3v2lcaiqvza-findutils-4.9.0/bin:/nix/store/j9p3g8472iijd50vhdprx0nmk2fqn5gv-diffutils-3.8/bin:/nix/store/89zs7rms6x00xfq4dq6m7mjnhkr8a6r4-gnused-4.8/bin:/nix/store/86bp03jkmsl6f92w0yzg4s59g5mhxwmy-gnugrep-3.7/bin:/nix/store/hwcdqw4jrjnd37wxqgsd47hd0j8bnj09-gawk-5.1.1/bin:/nix/store/cfbhw8r8ags41vwqaz47r583d0p4h4a1-gnutar-1.34/bin:/nix/store/p3m1ndl1lapwrlh698bnb5lvvxh67378-gzip-1.12/bin:/nix/store/a8mhcagrsly7c7mpjrpsnaahk4aax056-bzip2-1.0.8-bin/bin:/nix/store/mblgz65m3zv9x548a3d5m96fj2pbwr09-gnumake-4.3/bin:/nix/store/dsd5gz46hdbdk2rfdimqddhq6m8m8fqs-bash-5.1-p16/bin:/nix/store/v7ljksji50mg3w61dykaa3n3y79n6nil-patch-2.7.6/bin:/nix/store/zlcnmqq14jz5x9439jf937mvayyl63da-xz-5.2.7-bin/bin:/nix/store/y6aj732zm9m87c82fpvf103a1xb22blp-file-5.43/bin:/nix/store/i4kzir3m7mrisxmf5xvlnkw01x4qaqr4-prybar-elisp-0.0.0-e0d9a52/bin:/nix/store/lwwivxf6h7x3cvxp9zv8sj0mv7dak99r-prybar-lua-0.0.0-e0d9a52/bin:/nix/store/gxj28g1cg4hq3qanmjv07156h800qr58-prybar-python3-0.0.0-e0d9a52/bin:/nix/store/hshkjnxrgidigf8x75vg6lqng2xlx9i3-prybar-sqlite-0.0.0-e0d9a52/bin:/nix/store/c4w01bpjgyy5ixmwdk8m1pw87zq4sl26-prybar-tcl-0.0.0-e0d9a52/bin:/nix/store/hpbvrlwd5viqmvcaisb3x0118i913a9n-st
LD_LIBRARY_PATH=/nix/store/a4pff549sk2idnkpzk5nsfps3mdkdnvm-cups-2.4.2-lib/lib:/nix/store/72mqxxhh3cy5yifh92wh2yb8cl2hikyy-cairo-1.16.0/lib:/nix/store/2k366jrbsra97gjfxwvrhvixjfxdach5-glib-2.74.1/lib:/nix/store/2j2znigd8ak37rlwh9khz0ry3clqlw1l-gtk+3-3.24.34/lib:/nix/store/hisqvx32cd57apbpcsnkpx6k3549wql1-libglvnd-1.4.0/lib:/nix/store/p36pgcv991mq5srvg765b78yqpxvk3qs-mesa-21.3.3-drivers/lib:/nix/store/mav4251if1ahjq5vkpwycyyvnmy459c4-pulseaudio-14.2/lib
DISPLAY=:0
LANG=en_US.UTF-8

Signal Handlers:
   SIGSEGV: crash_handler in libjvm.so, mask=11100100010111111101111111111110, flags=SA_RESTART|SA_SIGINFO
    SIGBUS: crash_handler in libjvm.so, mask=11100100010111111101111111111110, flags=SA_RESTART|SA_SIGINFO
    SIGFPE: crash_handler in libjvm.so, mask=11100100010111111101111111111110, flags=SA_RESTART|SA_SIGINFO
   SIGPIPE: IsolateEnterStub_IgnoreSIGPIPEStartupHook_noopSignalHandler_8f19bff2f35b5f630d83b364d6b2339320d4ec70_216e8361c6bc87a8f89f58cc10d3b2fd4415bf87 in libjvmcicompiler.so, mask=00000000000000000000000000000000, flags=SA_RESTART
  *** Handler was modified!
  *** Expected: javaSignalHandler in libjvm.so, mask=11100100110111111111111111111110, flags=SA_RESTART|SA_SIGINFO
   SIGXFSZ: javaSignalHandler in libjvm.so, mask=11100100010111111101111111111110, flags=SA_RESTART|SA_SIGINFO
    SIGILL: crash_handler in libjvm.so, mask=11100100010111111101111111111110, flags=SA_RESTART|SA_SIGINFO
   SIGUSR2: SR_handler in libjvm.so, mask=00000000000000000000000000000000, flags=SA_RESTART|SA_SIGINFO
    SIGHUP: UserHandler in libjvm.so, mask=11100100010111111101111111111110, flags=SA_RESTART|SA_SIGINFO
    SIGINT: UserHandler in libjvm.so, mask=11100100010111111101111111111110, flags=SA_RESTART|SA_SIGINFO
   SIGTERM: UserHandler in libjvm.so, mask=11100100010111111101111111111110, flags=SA_RESTART|SA_SIGINFO
   SIGQUIT: UserHandler in libjvm.so, mask=11100100010111111101111111111110, flags=SA_RESTART|SA_SIGINFO
  *** Handler was modified!
  *** Expected: javaSignalHandler in libjvm.so, mask=11100100110111111111111111111110, flags=SA_RESTART|SA_SIGINFO
   SIGTRAP: crash_handler in libjvm.so, mask=11100100010111111101111111111110, flags=SA_RESTART|SA_SIGINFO


---------------  S Y S T E M  ---------------

OS:
DISTRIB_ID=Ubuntu
DISTRIB_RELEASE=20.04
DISTRIB_CODENAME=focal
DISTRIB_DESCRIPTION="Ubuntu 20.04.2 LTS"
uname: Linux 5.15.0-1032-gcp #40~20.04.1-Ubuntu SMP Tue Apr 11 02:49:52 UTC 2023 x86_64
OS uptime: 0 days 3:46 hours
libc: glibc 2.35 NPTL 2.35 
rlimit (soft/hard): STACK 8192k/infinity , CORE infinity/infinity , NPROC infinity/infinity , NOFILE 5242/5242 , AS infinity/infinity , CPU infinity/infinity , DATA infinity/infinity , FSIZE infinity/infinity , MEMLOCK 64k/64k
load average: 18.18 18.25 18.98

/proc/meminfo:
MemTotal:       65852700 kB
MemFree:        19659380 kB
MemAvailable:   42957616 kB
Buffers:         1901196 kB
Cached:         20238460 kB
SwapCached:            0 kB
Active:          7673928 kB
Inactive:       34424136 kB
Active(anon):      18392 kB
Inactive(anon): 19672540 kB
Active(file):    7655536 kB
Inactive(file): 14751596 kB
Unevictable:       41576 kB
Mlocked:           41576 kB
SwapTotal:             0 kB
SwapFree:              0 kB
Dirty:              8288 kB
Writeback:             4 kB
AnonPages:      19385384 kB
Mapped:          2064608 kB
Shmem:             48564 kB
KReclaimable:    1617704 kB
Slab:            2903496 kB
SReclaimable:    1617704 kB
SUnreclaim:      1285792 kB
KernelStack:      479876 kB
PageTables:       210064 kB
NFS_Unstable:          0 kB
Bounce:                0 kB
WritebackTmp:          0 kB
CommitLimit:    32926348 kB
Committed_AS:   75586868 kB
VmallocTotal:   34359738367 kB
VmallocUsed:      518624 kB
VmallocChunk:          0 kB
Percpu:            63552 kB
HardwareCorrupted:     0 kB
AnonHugePages:   3190784 kB
ShmemHugePages:        0 kB
ShmemPmdMapped:        0 kB
FileHugePages:         0 kB
FilePmdMapped:         0 kB
HugePages_Total:       0
HugePages_Free:        0
HugePages_Rsvd:        0
HugePages_Surp:        0
Hugepagesize:       2048 kB
Hugetlb:               0 kB
DirectMap4k:     3601208 kB
DirectMap2M:    43581440 kB
DirectMap1G:    22020096 kB

/sys/kernel/mm/transparent_hugepage/enabled: always [madvise] never
/sys/kernel/mm/transparent_hugepage/defrag (defrag/compaction efforts parameter): always defer defer+madvise [madvise] never

Process Memory:
Virtual Size: 4447304K (peak: 4481836K)
Resident Set Size: 755068K (peak: 784264K) (anon: 558968K, file: 196100K, shmem: 0K)
Swapped out: 0K
C-Heap outstanding allocations: 38715K, retained: 13984K
glibc malloc tunables: (default)

/proc/sys/kernel/threads-max (system-wide limit on the number of threads): 514406
/proc/sys/vm/max_map_count (maximum number of memory map areas a process may have): 65530
/proc/sys/kernel/pid_max (system-wide limit on number of process identifiers): 4194304

container (cgroup) information:
container_type: cgroupv1
cpu_cpuset_cpus: 2-7
cpu_memory_nodes: 0
active_processor_count: 1
cpu_quota: 50000
cpu_period: 100000
cpu_shares: 512
memory_limit_in_bytes: 1048576 k
memory_and_swap_limit_in_bytes: 1048576 k
memory_soft_limit_in_bytes: 524288 k
memory_usage_in_bytes: 604256 k
memory_max_usage_in_bytes: 697016 k
maximum number of tasks: 1000
current number of tasks: 42

KVM virtualization detected
Steal ticks since vm start: 0
Steal ticks percentage since vm start:  0.000

CPU: total 8 (initial active 1) (8 cores per cpu, 2 threads per core) family 23 model 49 stepping 0 microcode 0xffffffff, cx8, cmov, fxsr, ht, mmx, 3dnowpref, sse, sse2, sse3, ssse3, sse4a, sse4.1, sse4.2, popcnt, lzcnt, tsc, tscinvbit, avx, avx2, aes, clmul, bmi1, bmi2, adx, sha, fma, vzeroupper, clflush, clflushopt, hv
CPU Model and flags from /proc/cpuinfo:
model name	: AMD EPYC 7B12
flags		: fpu vme de pse tsc msr pae mce cx8 apic sep mtrr pge mca cmov pat pse36 clflush mmx fxsr sse sse2 ht syscall nx mmxext fxsr_opt pdpe1gb rdtscp lm constant_tsc rep_good nopl nonstop_tsc cpuid extd_apicid tsc_known_freq pni pclmulqdq ssse3 fma cx16 sse4_1 sse4_2 movbe popcnt aes xsave avx f16c rdrand hypervisor lahf_lm cmp_legacy cr8_legacy abm sse4a misalignsse 3dnowprefetch osvw topoext ssbd ibrs ibpb stibp vmmcall fsgsbase tsc_adjust bmi1 avx2 smep bmi2 rdseed adx smap clflushopt clwb sha_ni xsaveopt xsavec xgetbv1 clzero xsaveerptr arat npt nrip_save umip rdpid

Online cpus: 0-7
Offline cpus: 
BIOS frequency limitation: <Not Available>
Frequency switch latency (ns): <Not Available>
Available cpu frequencies: <Not Available>
Current governor: <Not Available>
Core performance/turbo boost: <Not Available>

Memory: 4k page, physical 1048576k(444308k free), swap 0k(0k free)
Page Sizes: 4k

vm_info: OpenJDK 64-Bit Server VM (17.0.5+8-jvmci-22.3-b08) for linux-amd64 JRE (17.0.5+8-jvmci-22.3-b08), built on Oct 19 2022 09:01:27 by "buildslave" with gcc 10.3.0

END.
